2011-05-25 01:38:03,215 - SimpleLog4JLogSystem initialized using logfile 'velocity.log'
2011-05-25 01:38:03,216 - *******************************************************************
2011-05-25 01:38:03,216 - Starting Apache Velocity v1.5 (compiled: 2007-02-22 08:52:29)
2011-05-25 01:38:03,216 - RuntimeInstance initializing.
2011-05-25 01:38:03,216 - Default Properties File: org/apache/velocity/runtime/defaults/velocity.properties
2011-05-25 01:38:03,216 - Trying to use logger class org.apache.velocity.runtime.log.SimpleLog4JLogSystem
2011-05-25 01:38:03,216 - LogSystem has been deprecated. Please use a LogChute implementation.
2011-05-25 01:38:03,222 - Default ResourceManager initializing. (class org.apache.velocity.runtime.resource.ResourceManagerImpl)
2011-05-25 01:38:03,225 - ResourceLoader instantiated: org.apache.velocity.runtime.resource.loader.ClasspathResourceLoader
2011-05-25 01:38:03,227 - ClasspathResourceLoader : initialization complete.
2011-05-25 01:38:03,243 - ResourceCache: initialized (class org.apache.velocity.runtime.resource.ResourceCacheImpl)
2011-05-25 01:38:03,243 - Default ResourceManager initialization complete.
2011-05-25 01:38:03,245 - Loaded System Directive: org.apache.velocity.runtime.directive.Literal
2011-05-25 01:38:03,247 - Loaded System Directive: org.apache.velocity.runtime.directive.Macro
2011-05-25 01:38:03,248 - Loaded System Directive: org.apache.velocity.runtime.directive.Parse
2011-05-25 01:38:03,250 - Loaded System Directive: org.apache.velocity.runtime.directive.Include
2011-05-25 01:38:03,251 - Loaded System Directive: org.apache.velocity.runtime.directive.Foreach
2011-05-25 01:38:03,287 - Created '20' parsers.
2011-05-25 01:38:03,307 - Velocimacro : initialization starting.
2011-05-25 01:38:03,308 - Velocimacro : "velocimacro.library" is not set.  Trying default library: VM_global_library.vm
2011-05-25 01:38:03,308 - Velocimacro : Default library not found.
2011-05-25 01:38:03,308 - Velocimacro : allowInline = true : VMs can be defined inline in templates
2011-05-25 01:38:03,309 - Velocimacro : allowInlineToOverride = false : VMs defined inline may NOT replace previous VM definitions
2011-05-25 01:38:03,309 - Velocimacro : allowInlineLocal = false : VMs defined inline will be global in scope if allowed.
2011-05-25 01:38:03,309 - Velocimacro : autoload off : VM system will not automatically reload global library macros
2011-05-25 01:38:03,309 - Velocimacro : Velocimacro : initialization complete.
2011-05-25 01:38:03,309 - RuntimeInstance successfully initialized.
2011-05-25 01:38:03,323 - Velocimacro : added #mixedcase(  name ) : source = class.vm
2011-05-25 01:38:03,324 - Velocimacro : added #lowercase(  name ) : source = class.vm
2011-05-25 01:38:03,324 - Velocimacro : added #uppercase(  name ) : source = class.vm
2011-05-25 01:38:03,328 - Velocimacro : added #comment(  indent name ) : source = class.vm
2011-05-25 01:38:03,329 - Velocimacro : added #debug(  text ) : source = class.vm
2011-05-25 01:38:03,396 - ResourceManager : found class.vm with loader org.apache.velocity.runtime.resource.loader.ClasspathResourceLoader
2011-05-25 01:38:03,438 - Left side ($name.getComment().lenght) of '>' operation has null value. Operation not possible. class.vm [line 1, column 32]
2011-05-25 01:38:03,471 - SimpleLog4JLogSystem initialized using logfile 'velocity.log'
2011-05-25 01:38:03,471 - SimpleLog4JLogSystem initialized using logfile 'velocity.log'
2011-05-25 01:38:03,471 - *******************************************************************
2011-05-25 01:38:03,471 - *******************************************************************
2011-05-25 01:38:03,471 - Starting Apache Velocity v1.5 (compiled: 2007-02-22 08:52:29)
2011-05-25 01:38:03,471 - Starting Apache Velocity v1.5 (compiled: 2007-02-22 08:52:29)
2011-05-25 01:38:03,472 - RuntimeInstance initializing.
2011-05-25 01:38:03,472 - RuntimeInstance initializing.
2011-05-25 01:38:03,472 - Default Properties File: org/apache/velocity/runtime/defaults/velocity.properties
2011-05-25 01:38:03,472 - Default Properties File: org/apache/velocity/runtime/defaults/velocity.properties
2011-05-25 01:38:03,472 - Trying to use logger class org.apache.velocity.runtime.log.SimpleLog4JLogSystem
2011-05-25 01:38:03,472 - Trying to use logger class org.apache.velocity.runtime.log.SimpleLog4JLogSystem
2011-05-25 01:38:03,472 - LogSystem has been deprecated. Please use a LogChute implementation.
2011-05-25 01:38:03,472 - LogSystem has been deprecated. Please use a LogChute implementation.
2011-05-25 01:38:03,472 - Default ResourceManager initializing. (class org.apache.velocity.runtime.resource.ResourceManagerImpl)
2011-05-25 01:38:03,472 - Default ResourceManager initializing. (class org.apache.velocity.runtime.resource.ResourceManagerImpl)
2011-05-25 01:38:03,472 - ResourceLoader instantiated: org.apache.velocity.runtime.resource.loader.ClasspathResourceLoader
2011-05-25 01:38:03,472 - ResourceLoader instantiated: org.apache.velocity.runtime.resource.loader.ClasspathResourceLoader
2011-05-25 01:38:03,472 - ClasspathResourceLoader : initialization complete.
2011-05-25 01:38:03,472 - ClasspathResourceLoader : initialization complete.
2011-05-25 01:38:03,472 - ResourceCache: initialized (class org.apache.velocity.runtime.resource.ResourceCacheImpl)
2011-05-25 01:38:03,472 - ResourceCache: initialized (class org.apache.velocity.runtime.resource.ResourceCacheImpl)
2011-05-25 01:38:03,472 - Default ResourceManager initialization complete.
2011-05-25 01:38:03,472 - Default ResourceManager initialization complete.
2011-05-25 01:38:03,473 - Loaded System Directive: org.apache.velocity.runtime.directive.Literal
2011-05-25 01:38:03,473 - Loaded System Directive: org.apache.velocity.runtime.directive.Literal
2011-05-25 01:38:03,473 - Loaded System Directive: org.apache.velocity.runtime.directive.Macro
2011-05-25 01:38:03,473 - Loaded System Directive: org.apache.velocity.runtime.directive.Macro
2011-05-25 01:38:03,473 - Loaded System Directive: org.apache.velocity.runtime.directive.Parse
2011-05-25 01:38:03,473 - Loaded System Directive: org.apache.velocity.runtime.directive.Parse
2011-05-25 01:38:03,473 - Loaded System Directive: org.apache.velocity.runtime.directive.Include
2011-05-25 01:38:03,473 - Loaded System Directive: org.apache.velocity.runtime.directive.Include
2011-05-25 01:38:03,473 - Loaded System Directive: org.apache.velocity.runtime.directive.Foreach
2011-05-25 01:38:03,473 - Loaded System Directive: org.apache.velocity.runtime.directive.Foreach
2011-05-25 01:38:03,478 - Created '20' parsers.
2011-05-25 01:38:03,478 - Created '20' parsers.
2011-05-25 01:38:03,478 - Velocimacro : initialization starting.
2011-05-25 01:38:03,478 - Velocimacro : initialization starting.
2011-05-25 01:38:03,478 - Velocimacro : "velocimacro.library" is not set.  Trying default library: VM_global_library.vm
2011-05-25 01:38:03,478 - Velocimacro : "velocimacro.library" is not set.  Trying default library: VM_global_library.vm
2011-05-25 01:38:03,478 - Velocimacro : Default library not found.
2011-05-25 01:38:03,478 - Velocimacro : Default library not found.
2011-05-25 01:38:03,478 - Velocimacro : allowInline = true : VMs can be defined inline in templates
2011-05-25 01:38:03,478 - Velocimacro : allowInline = true : VMs can be defined inline in templates
2011-05-25 01:38:03,479 - Velocimacro : allowInlineToOverride = false : VMs defined inline may NOT replace previous VM definitions
2011-05-25 01:38:03,479 - Velocimacro : allowInlineToOverride = false : VMs defined inline may NOT replace previous VM definitions
2011-05-25 01:38:03,479 - Velocimacro : allowInlineLocal = false : VMs defined inline will be global in scope if allowed.
2011-05-25 01:38:03,479 - Velocimacro : allowInlineLocal = false : VMs defined inline will be global in scope if allowed.
2011-05-25 01:38:03,479 - Velocimacro : autoload off : VM system will not automatically reload global library macros
2011-05-25 01:38:03,479 - Velocimacro : autoload off : VM system will not automatically reload global library macros
2011-05-25 01:38:03,479 - Velocimacro : Velocimacro : initialization complete.
2011-05-25 01:38:03,479 - Velocimacro : Velocimacro : initialization complete.
2011-05-25 01:38:03,479 - RuntimeInstance successfully initialized.
2011-05-25 01:38:03,479 - RuntimeInstance successfully initialized.
2011-05-25 01:38:03,490 - Velocimacro : added #mixedcase(  name ) : source = class.vm
2011-05-25 01:38:03,490 - Velocimacro : added #mixedcase(  name ) : source = class.vm
2011-05-25 01:38:03,491 - Velocimacro : added #lowercase(  name ) : source = class.vm
2011-05-25 01:38:03,491 - Velocimacro : added #lowercase(  name ) : source = class.vm
2011-05-25 01:38:03,491 - Velocimacro : added #uppercase(  name ) : source = class.vm
2011-05-25 01:38:03,491 - Velocimacro : added #uppercase(  name ) : source = class.vm
2011-05-25 01:38:03,492 - Velocimacro : added #comment(  indent name ) : source = class.vm
2011-05-25 01:38:03,492 - Velocimacro : added #comment(  indent name ) : source = class.vm
2011-05-25 01:38:03,492 - Velocimacro : added #debug(  text ) : source = class.vm
2011-05-25 01:38:03,492 - Velocimacro : added #debug(  text ) : source = class.vm
2011-05-25 01:38:03,520 - ResourceManager : found class.vm with loader org.apache.velocity.runtime.resource.loader.ClasspathResourceLoader
2011-05-25 01:38:03,520 - ResourceManager : found class.vm with loader org.apache.velocity.runtime.resource.loader.ClasspathResourceLoader
2011-05-25 01:38:03,533 - Left side ($name.getComment().lenght) of '>' operation has null value. Operation not possible. class.vm [line 1, column 32]
2011-05-25 01:38:03,533 - Left side ($name.getComment().lenght) of '>' operation has null value. Operation not possible. class.vm [line 1, column 32]
2011-05-25 01:38:03,546 - Left side ($name.getComment().lenght) of '>' operation has null value. Operation not possible. class.vm [line 1, column 32]
2011-05-25 01:38:03,546 - Left side ($name.getComment().lenght) of '>' operation has null value. Operation not possible. class.vm [line 1, column 32]
2011-05-25 01:38:03,547 - Left side ($name.getComment().lenght) of '>' operation has null value. Operation not possible. class.vm [line 1, column 32]
2011-05-25 01:38:03,547 - Left side ($name.getComment().lenght) of '>' operation has null value. Operation not possible. class.vm [line 1, column 32]
2011-05-25 01:38:03,548 - Left side ($name.getComment().lenght) of '>' operation has null value. Operation not possible. class.vm [line 1, column 32]
2011-05-25 01:38:03,548 - Left side ($name.getComment().lenght) of '>' operation has null value. Operation not possible. class.vm [line 1, column 32]
2011-05-25 01:38:03,611 - ResourceManager : found get.vm with loader org.apache.velocity.runtime.resource.loader.ClasspathResourceLoader
2011-05-25 01:38:03,611 - ResourceManager : found get.vm with loader org.apache.velocity.runtime.resource.loader.ClasspathResourceLoader
2011-05-25 01:38:03,612 - Left side ($name.getComment().lenght) of '>' operation has null value. Operation not possible. get.vm [line 1, column 32]
2011-05-25 01:38:03,612 - Left side ($name.getComment().lenght) of '>' operation has null value. Operation not possible. get.vm [line 1, column 32]
2011-05-25 01:38:03,612 - Left side ($name.getComment().lenght) of '>' operation has null value. Operation not possible. get.vm [line 1, column 32]
2011-05-25 01:38:03,612 - Left side ($name.getComment().lenght) of '>' operation has null value. Operation not possible. get.vm [line 1, column 32]
2011-05-25 01:38:03,613 - Left side ($name.getComment().lenght) of '>' operation has null value. Operation not possible. get.vm [line 1, column 32]
2011-05-25 01:38:03,613 - Left side ($name.getComment().lenght) of '>' operation has null value. Operation not possible. get.vm [line 1, column 32]
2011-05-25 01:38:03,614 - Left side ($name.getComment().lenght) of '>' operation has null value. Operation not possible. get.vm [line 1, column 32]
2011-05-25 01:38:03,614 - Left side ($name.getComment().lenght) of '>' operation has null value. Operation not possible. get.vm [line 1, column 32]
2011-05-25 01:38:03,615 - Left side ($name.getComment().lenght) of '>' operation has null value. Operation not possible. get.vm [line 1, column 32]
2011-05-25 01:38:03,615 - Left side ($name.getComment().lenght) of '>' operation has null value. Operation not possible. get.vm [line 1, column 32]
2011-05-25 01:38:03,615 - Left side ($name.getComment().lenght) of '>' operation has null value. Operation not possible. get.vm [line 1, column 32]
2011-05-25 01:38:03,615 - Left side ($name.getComment().lenght) of '>' operation has null value. Operation not possible. get.vm [line 1, column 32]
2011-05-25 01:38:03,618 - Left side ($name.getComment().lenght) of '>' operation has null value. Operation not possible. get.vm [line 1, column 32]
2011-05-25 01:38:03,618 - Left side ($name.getComment().lenght) of '>' operation has null value. Operation not possible. get.vm [line 1, column 32]
2011-05-25 01:38:03,619 - Left side ($name.getComment().lenght) of '>' operation has null value. Operation not possible. get.vm [line 1, column 32]
2011-05-25 01:38:03,619 - Left side ($name.getComment().lenght) of '>' operation has null value. Operation not possible. get.vm [line 1, column 32]
2011-05-25 01:38:03,619 - Left side ($name.getComment().lenght) of '>' operation has null value. Operation not possible. get.vm [line 1, column 32]
2011-05-25 01:38:03,619 - Left side ($name.getComment().lenght) of '>' operation has null value. Operation not possible. get.vm [line 1, column 32]
2011-05-25 01:38:03,620 - Null reference [template 'get.vm', line 234, column 38] : $type cannot be resolved.
2011-05-25 01:38:03,620 - Null reference [template 'get.vm', line 234, column 38] : $type cannot be resolved.
2011-05-25 01:38:03,620 - Left side ($name.getComment().lenght) of '>' operation has null value. Operation not possible. get.vm [line 1, column 32]
2011-05-25 01:38:03,620 - Left side ($name.getComment().lenght) of '>' operation has null value. Operation not possible. get.vm [line 1, column 32]
2011-05-25 01:38:03,620 - Null reference [template 'get.vm', line 246, column 35] : $type cannot be resolved.
2011-05-25 01:38:03,620 - Null reference [template 'get.vm', line 246, column 35] : $type cannot be resolved.
2011-05-25 01:38:03,621 - Left side ($name.getComment().lenght) of '>' operation has null value. Operation not possible. get.vm [line 1, column 32]
2011-05-25 01:38:03,621 - Left side ($name.getComment().lenght) of '>' operation has null value. Operation not possible. get.vm [line 1, column 32]
2011-05-25 01:38:03,621 - Null reference [template 'get.vm', line 256, column 38] : $type cannot be resolved.
2011-05-25 01:38:03,621 - Null reference [template 'get.vm', line 256, column 38] : $type cannot be resolved.
2011-05-25 01:38:03,622 - Left side ($name.getComment().lenght) of '>' operation has null value. Operation not possible. get.vm [line 1, column 32]
2011-05-25 01:38:03,622 - Left side ($name.getComment().lenght) of '>' operation has null value. Operation not possible. get.vm [line 1, column 32]
2011-05-25 01:38:03,622 - Null reference [template 'get.vm', line 266, column 35] : $type cannot be resolved.
2011-05-25 01:38:03,622 - Null reference [template 'get.vm', line 266, column 35] : $type cannot be resolved.
2011-05-25 01:38:03,641 - ResourceManager : found add.vm with loader org.apache.velocity.runtime.resource.loader.ClasspathResourceLoader
2011-05-25 01:38:03,641 - ResourceManager : found add.vm with loader org.apache.velocity.runtime.resource.loader.ClasspathResourceLoader
2011-05-25 01:38:03,642 - Left side ($name.getComment().lenght) of '>' operation has null value. Operation not possible. add.vm [line 1, column 32]
2011-05-25 01:38:03,642 - Left side ($name.getComment().lenght) of '>' operation has null value. Operation not possible. add.vm [line 1, column 32]
2011-05-25 01:38:03,642 - Left side ($name.getComment().lenght) of '>' operation has null value. Operation not possible. add.vm [line 1, column 32]
2011-05-25 01:38:03,642 - Left side ($name.getComment().lenght) of '>' operation has null value. Operation not possible. add.vm [line 1, column 32]
2011-05-25 01:38:03,643 - Left side ($name.getComment().lenght) of '>' operation has null value. Operation not possible. add.vm [line 1, column 32]
2011-05-25 01:38:03,643 - Left side ($name.getComment().lenght) of '>' operation has null value. Operation not possible. add.vm [line 1, column 32]
2011-05-25 01:38:03,643 - Left side ($name.getComment().lenght) of '>' operation has null value. Operation not possible. add.vm [line 1, column 32]
2011-05-25 01:38:03,643 - Left side ($name.getComment().lenght) of '>' operation has null value. Operation not possible. add.vm [line 1, column 32]
2011-05-25 01:38:03,662 - ResourceManager : found set.vm with loader org.apache.velocity.runtime.resource.loader.ClasspathResourceLoader
2011-05-25 01:38:03,662 - ResourceManager : found set.vm with loader org.apache.velocity.runtime.resource.loader.ClasspathResourceLoader
2011-05-25 01:38:03,663 - Left side ($name.getComment().lenght) of '>' operation has null value. Operation not possible. set.vm [line 1, column 32]
2011-05-25 01:38:03,663 - Left side ($name.getComment().lenght) of '>' operation has null value. Operation not possible. set.vm [line 1, column 32]
2011-05-25 01:38:03,663 - Left side ($name.getComment().lenght) of '>' operation has null value. Operation not possible. set.vm [line 1, column 32]
2011-05-25 01:38:03,663 - Left side ($name.getComment().lenght) of '>' operation has null value. Operation not possible. set.vm [line 1, column 32]
2011-05-25 01:38:03,664 - Left side ($name.getComment().lenght) of '>' operation has null value. Operation not possible. set.vm [line 1, column 32]
2011-05-25 01:38:03,664 - Left side ($name.getComment().lenght) of '>' operation has null value. Operation not possible. set.vm [line 1, column 32]
2011-05-25 01:38:03,664 - Left side ($name.getComment().lenght) of '>' operation has null value. Operation not possible. set.vm [line 1, column 32]
2011-05-25 01:38:03,664 - Left side ($name.getComment().lenght) of '>' operation has null value. Operation not possible. set.vm [line 1, column 32]
2011-05-25 01:38:03,682 - ResourceManager : found remove.vm with loader org.apache.velocity.runtime.resource.loader.ClasspathResourceLoader
2011-05-25 01:38:03,682 - ResourceManager : found remove.vm with loader org.apache.velocity.runtime.resource.loader.ClasspathResourceLoader
2011-05-25 01:38:03,682 - Left side ($name.getComment().lenght) of '>' operation has null value. Operation not possible. remove.vm [line 1, column 32]
2011-05-25 01:38:03,682 - Left side ($name.getComment().lenght) of '>' operation has null value. Operation not possible. remove.vm [line 1, column 32]
2011-05-25 01:38:03,683 - Left side ($name.getComment().lenght) of '>' operation has null value. Operation not possible. remove.vm [line 1, column 32]
2011-05-25 01:38:03,683 - Left side ($name.getComment().lenght) of '>' operation has null value. Operation not possible. remove.vm [line 1, column 32]
2011-05-25 01:38:03,686 - Left side ($name.getComment().lenght) of '>' operation has null value. Operation not possible. remove.vm [line 1, column 32]
2011-05-25 01:38:03,686 - Left side ($name.getComment().lenght) of '>' operation has null value. Operation not possible. remove.vm [line 1, column 32]
2011-05-25 01:38:03,687 - Left side ($name.getComment().lenght) of '>' operation has null value. Operation not possible. remove.vm [line 1, column 32]
2011-05-25 01:38:03,687 - Left side ($name.getComment().lenght) of '>' operation has null value. Operation not possible. remove.vm [line 1, column 32]
2011-05-25 01:38:03,691 - ResourceManager : found removeall.vm with loader org.apache.velocity.runtime.resource.loader.ClasspathResourceLoader
2011-05-25 01:38:03,691 - ResourceManager : found removeall.vm with loader org.apache.velocity.runtime.resource.loader.ClasspathResourceLoader
2011-05-25 01:38:03,692 - Left side ($name.getComment().lenght) of '>' operation has null value. Operation not possible. removeall.vm [line 1, column 32]
2011-05-25 01:38:03,692 - Left side ($name.getComment().lenght) of '>' operation has null value. Operation not possible. removeall.vm [line 1, column 32]
2011-05-25 01:38:03,692 - Left side ($name.getComment().lenght) of '>' operation has null value. Operation not possible. removeall.vm [line 1, column 32]
2011-05-25 01:38:03,692 - Left side ($name.getComment().lenght) of '>' operation has null value. Operation not possible. removeall.vm [line 1, column 32]
2011-05-25 01:38:03,696 - Left side ($name.getComment().lenght) of '>' operation has null value. Operation not possible. class.vm [line 1, column 32]
2011-05-25 01:38:03,696 - Left side ($name.getComment().lenght) of '>' operation has null value. Operation not possible. class.vm [line 1, column 32]
2011-05-25 01:38:03,698 - Left side ($name.getComment().lenght) of '>' operation has null value. Operation not possible. class.vm [line 1, column 32]
2011-05-25 01:38:03,698 - Left side ($name.getComment().lenght) of '>' operation has null value. Operation not possible. class.vm [line 1, column 32]
2011-05-25 01:38:03,699 - Left side ($name.getComment().lenght) of '>' operation has null value. Operation not possible. class.vm [line 1, column 32]
2011-05-25 01:38:03,699 - Left side ($name.getComment().lenght) of '>' operation has null value. Operation not possible. class.vm [line 1, column 32]
2011-05-25 01:38:03,699 - Left side ($name.getComment().lenght) of '>' operation has null value. Operation not possible. class.vm [line 1, column 32]
2011-05-25 01:38:03,699 - Left side ($name.getComment().lenght) of '>' operation has null value. Operation not possible. class.vm [line 1, column 32]
2011-05-25 01:38:03,762 - ResourceManager : found get.vm with loader org.apache.velocity.runtime.resource.loader.ClasspathResourceLoader
2011-05-25 01:38:03,762 - ResourceManager : found get.vm with loader org.apache.velocity.runtime.resource.loader.ClasspathResourceLoader
2011-05-25 01:38:03,762 - Left side ($name.getComment().lenght) of '>' operation has null value. Operation not possible. get.vm [line 1, column 32]
2011-05-25 01:38:03,762 - Left side ($name.getComment().lenght) of '>' operation has null value. Operation not possible. get.vm [line 1, column 32]
2011-05-25 01:38:03,762 - Left side ($name.getComment().lenght) of '>' operation has null value. Operation not possible. get.vm [line 1, column 32]
2011-05-25 01:38:03,762 - Left side ($name.getComment().lenght) of '>' operation has null value. Operation not possible. get.vm [line 1, column 32]
2011-05-25 01:38:03,763 - Left side ($name.getComment().lenght) of '>' operation has null value. Operation not possible. get.vm [line 1, column 32]
2011-05-25 01:38:03,763 - Left side ($name.getComment().lenght) of '>' operation has null value. Operation not possible. get.vm [line 1, column 32]
2011-05-25 01:38:03,763 - Left side ($name.getComment().lenght) of '>' operation has null value. Operation not possible. get.vm [line 1, column 32]
2011-05-25 01:38:03,763 - Left side ($name.getComment().lenght) of '>' operation has null value. Operation not possible. get.vm [line 1, column 32]
2011-05-25 01:38:03,764 - Left side ($name.getComment().lenght) of '>' operation has null value. Operation not possible. get.vm [line 1, column 32]
2011-05-25 01:38:03,764 - Left side ($name.getComment().lenght) of '>' operation has null value. Operation not possible. get.vm [line 1, column 32]
2011-05-25 01:38:03,765 - Left side ($name.getComment().lenght) of '>' operation has null value. Operation not possible. get.vm [line 1, column 32]
2011-05-25 01:38:03,765 - Left side ($name.getComment().lenght) of '>' operation has null value. Operation not possible. get.vm [line 1, column 32]
2011-05-25 01:38:03,765 - Left side ($name.getComment().lenght) of '>' operation has null value. Operation not possible. get.vm [line 1, column 32]
2011-05-25 01:38:03,765 - Left side ($name.getComment().lenght) of '>' operation has null value. Operation not possible. get.vm [line 1, column 32]
2011-05-25 01:38:03,766 - Left side ($name.getComment().lenght) of '>' operation has null value. Operation not possible. get.vm [line 1, column 32]
2011-05-25 01:38:03,766 - Left side ($name.getComment().lenght) of '>' operation has null value. Operation not possible. get.vm [line 1, column 32]
2011-05-25 01:38:03,767 - Left side ($name.getComment().lenght) of '>' operation has null value. Operation not possible. get.vm [line 1, column 32]
2011-05-25 01:38:03,767 - Left side ($name.getComment().lenght) of '>' operation has null value. Operation not possible. get.vm [line 1, column 32]
2011-05-25 01:38:03,767 - Null reference [template 'get.vm', line 234, column 38] : $type cannot be resolved.
2011-05-25 01:38:03,767 - Null reference [template 'get.vm', line 234, column 38] : $type cannot be resolved.
2011-05-25 01:38:03,768 - Left side ($name.getComment().lenght) of '>' operation has null value. Operation not possible. get.vm [line 1, column 32]
2011-05-25 01:38:03,768 - Left side ($name.getComment().lenght) of '>' operation has null value. Operation not possible. get.vm [line 1, column 32]
2011-05-25 01:38:03,768 - Null reference [template 'get.vm', line 246, column 35] : $type cannot be resolved.
2011-05-25 01:38:03,768 - Null reference [template 'get.vm', line 246, column 35] : $type cannot be resolved.
2011-05-25 01:38:03,768 - Left side ($name.getComment().lenght) of '>' operation has null value. Operation not possible. get.vm [line 1, column 32]
2011-05-25 01:38:03,768 - Left side ($name.getComment().lenght) of '>' operation has null value. Operation not possible. get.vm [line 1, column 32]
2011-05-25 01:38:03,768 - Null reference [template 'get.vm', line 256, column 38] : $type cannot be resolved.
2011-05-25 01:38:03,768 - Null reference [template 'get.vm', line 256, column 38] : $type cannot be resolved.
2011-05-25 01:38:03,769 - Left side ($name.getComment().lenght) of '>' operation has null value. Operation not possible. get.vm [line 1, column 32]
2011-05-25 01:38:03,769 - Left side ($name.getComment().lenght) of '>' operation has null value. Operation not possible. get.vm [line 1, column 32]
2011-05-25 01:38:03,769 - Null reference [template 'get.vm', line 266, column 35] : $type cannot be resolved.
2011-05-25 01:38:03,769 - Null reference [template 'get.vm', line 266, column 35] : $type cannot be resolved.
2011-05-25 01:38:03,787 - ResourceManager : found add.vm with loader org.apache.velocity.runtime.resource.loader.ClasspathResourceLoader
2011-05-25 01:38:03,787 - ResourceManager : found add.vm with loader org.apache.velocity.runtime.resource.loader.ClasspathResourceLoader
2011-05-25 01:38:03,787 - Left side ($name.getComment().lenght) of '>' operation has null value. Operation not possible. add.vm [line 1, column 32]
2011-05-25 01:38:03,787 - Left side ($name.getComment().lenght) of '>' operation has null value. Operation not possible. add.vm [line 1, column 32]
2011-05-25 01:38:03,788 - Left side ($name.getComment().lenght) of '>' operation has null value. Operation not possible. add.vm [line 1, column 32]
2011-05-25 01:38:03,788 - Left side ($name.getComment().lenght) of '>' operation has null value. Operation not possible. add.vm [line 1, column 32]
2011-05-25 01:38:03,788 - Left side ($name.getComment().lenght) of '>' operation has null value. Operation not possible. add.vm [line 1, column 32]
2011-05-25 01:38:03,788 - Left side ($name.getComment().lenght) of '>' operation has null value. Operation not possible. add.vm [line 1, column 32]
2011-05-25 01:38:03,789 - Left side ($name.getComment().lenght) of '>' operation has null value. Operation not possible. add.vm [line 1, column 32]
2011-05-25 01:38:03,789 - Left side ($name.getComment().lenght) of '>' operation has null value. Operation not possible. add.vm [line 1, column 32]
2011-05-25 01:38:03,797 - ResourceManager : found set.vm with loader org.apache.velocity.runtime.resource.loader.ClasspathResourceLoader
2011-05-25 01:38:03,797 - ResourceManager : found set.vm with loader org.apache.velocity.runtime.resource.loader.ClasspathResourceLoader
2011-05-25 01:38:03,797 - Left side ($name.getComment().lenght) of '>' operation has null value. Operation not possible. set.vm [line 1, column 32]
2011-05-25 01:38:03,797 - Left side ($name.getComment().lenght) of '>' operation has null value. Operation not possible. set.vm [line 1, column 32]
2011-05-25 01:38:03,798 - Left side ($name.getComment().lenght) of '>' operation has null value. Operation not possible. set.vm [line 1, column 32]
2011-05-25 01:38:03,798 - Left side ($name.getComment().lenght) of '>' operation has null value. Operation not possible. set.vm [line 1, column 32]
2011-05-25 01:38:03,799 - Left side ($name.getComment().lenght) of '>' operation has null value. Operation not possible. set.vm [line 1, column 32]
2011-05-25 01:38:03,799 - Left side ($name.getComment().lenght) of '>' operation has null value. Operation not possible. set.vm [line 1, column 32]
2011-05-25 01:38:03,799 - Left side ($name.getComment().lenght) of '>' operation has null value. Operation not possible. set.vm [line 1, column 32]
2011-05-25 01:38:03,799 - Left side ($name.getComment().lenght) of '>' operation has null value. Operation not possible. set.vm [line 1, column 32]
2011-05-25 01:38:03,822 - ResourceManager : found remove.vm with loader org.apache.velocity.runtime.resource.loader.ClasspathResourceLoader
2011-05-25 01:38:03,822 - ResourceManager : found remove.vm with loader org.apache.velocity.runtime.resource.loader.ClasspathResourceLoader
2011-05-25 01:38:03,822 - Left side ($name.getComment().lenght) of '>' operation has null value. Operation not possible. remove.vm [line 1, column 32]
2011-05-25 01:38:03,822 - Left side ($name.getComment().lenght) of '>' operation has null value. Operation not possible. remove.vm [line 1, column 32]
2011-05-25 01:38:03,823 - Left side ($name.getComment().lenght) of '>' operation has null value. Operation not possible. remove.vm [line 1, column 32]
2011-05-25 01:38:03,823 - Left side ($name.getComment().lenght) of '>' operation has null value. Operation not possible. remove.vm [line 1, column 32]
2011-05-25 01:38:03,823 - Left side ($name.getComment().lenght) of '>' operation has null value. Operation not possible. remove.vm [line 1, column 32]
2011-05-25 01:38:03,823 - Left side ($name.getComment().lenght) of '>' operation has null value. Operation not possible. remove.vm [line 1, column 32]
2011-05-25 01:38:03,824 - Left side ($name.getComment().lenght) of '>' operation has null value. Operation not possible. remove.vm [line 1, column 32]
2011-05-25 01:38:03,824 - Left side ($name.getComment().lenght) of '>' operation has null value. Operation not possible. remove.vm [line 1, column 32]
2011-05-25 01:38:03,828 - ResourceManager : found removeall.vm with loader org.apache.velocity.runtime.resource.loader.ClasspathResourceLoader
2011-05-25 01:38:03,828 - ResourceManager : found removeall.vm with loader org.apache.velocity.runtime.resource.loader.ClasspathResourceLoader
2011-05-25 01:38:03,828 - Left side ($name.getComment().lenght) of '>' operation has null value. Operation not possible. removeall.vm [line 1, column 32]
2011-05-25 01:38:03,828 - Left side ($name.getComment().lenght) of '>' operation has null value. Operation not possible. removeall.vm [line 1, column 32]
2011-05-25 01:38:03,828 - Left side ($name.getComment().lenght) of '>' operation has null value. Operation not possible. removeall.vm [line 1, column 32]
2011-05-25 01:38:03,828 - Left side ($name.getComment().lenght) of '>' operation has null value. Operation not possible. removeall.vm [line 1, column 32]
2011-05-25 01:38:06,634 - SimpleLog4JLogSystem initialized using logfile 'velocity.log'
2011-05-25 01:38:06,634 - SimpleLog4JLogSystem initialized using logfile 'velocity.log'
2011-05-25 01:38:06,634 - SimpleLog4JLogSystem initialized using logfile 'velocity.log'
2011-05-25 01:38:06,634 - *******************************************************************
2011-05-25 01:38:06,634 - *******************************************************************
2011-05-25 01:38:06,634 - *******************************************************************
2011-05-25 01:38:06,634 - Starting Apache Velocity v1.5 (compiled: 2007-02-22 08:52:29)
2011-05-25 01:38:06,634 - Starting Apache Velocity v1.5 (compiled: 2007-02-22 08:52:29)
2011-05-25 01:38:06,634 - Starting Apache Velocity v1.5 (compiled: 2007-02-22 08:52:29)
2011-05-25 01:38:06,634 - RuntimeInstance initializing.
2011-05-25 01:38:06,634 - RuntimeInstance initializing.
2011-05-25 01:38:06,634 - RuntimeInstance initializing.
2011-05-25 01:38:06,634 - Default Properties File: org/apache/velocity/runtime/defaults/velocity.properties
2011-05-25 01:38:06,634 - Default Properties File: org/apache/velocity/runtime/defaults/velocity.properties
2011-05-25 01:38:06,634 - Default Properties File: org/apache/velocity/runtime/defaults/velocity.properties
2011-05-25 01:38:06,634 - Trying to use logger class org.apache.velocity.runtime.log.SimpleLog4JLogSystem
2011-05-25 01:38:06,634 - Trying to use logger class org.apache.velocity.runtime.log.SimpleLog4JLogSystem
2011-05-25 01:38:06,634 - Trying to use logger class org.apache.velocity.runtime.log.SimpleLog4JLogSystem
2011-05-25 01:38:06,634 - LogSystem has been deprecated. Please use a LogChute implementation.
2011-05-25 01:38:06,634 - LogSystem has been deprecated. Please use a LogChute implementation.
2011-05-25 01:38:06,634 - LogSystem has been deprecated. Please use a LogChute implementation.
2011-05-25 01:38:06,634 - Default ResourceManager initializing. (class org.apache.velocity.runtime.resource.ResourceManagerImpl)
2011-05-25 01:38:06,634 - Default ResourceManager initializing. (class org.apache.velocity.runtime.resource.ResourceManagerImpl)
2011-05-25 01:38:06,634 - Default ResourceManager initializing. (class org.apache.velocity.runtime.resource.ResourceManagerImpl)
2011-05-25 01:38:06,634 - ResourceLoader instantiated: org.apache.velocity.runtime.resource.loader.ClasspathResourceLoader
2011-05-25 01:38:06,634 - ResourceLoader instantiated: org.apache.velocity.runtime.resource.loader.ClasspathResourceLoader
2011-05-25 01:38:06,634 - ResourceLoader instantiated: org.apache.velocity.runtime.resource.loader.ClasspathResourceLoader
2011-05-25 01:38:06,634 - ClasspathResourceLoader : initialization complete.
2011-05-25 01:38:06,634 - ClasspathResourceLoader : initialization complete.
2011-05-25 01:38:06,634 - ClasspathResourceLoader : initialization complete.
2011-05-25 01:38:06,634 - ResourceCache: initialized (class org.apache.velocity.runtime.resource.ResourceCacheImpl)
2011-05-25 01:38:06,634 - ResourceCache: initialized (class org.apache.velocity.runtime.resource.ResourceCacheImpl)
2011-05-25 01:38:06,634 - ResourceCache: initialized (class org.apache.velocity.runtime.resource.ResourceCacheImpl)
2011-05-25 01:38:06,634 - Default ResourceManager initialization complete.
2011-05-25 01:38:06,634 - Default ResourceManager initialization complete.
2011-05-25 01:38:06,634 - Default ResourceManager initialization complete.
2011-05-25 01:38:06,635 - Loaded System Directive: org.apache.velocity.runtime.directive.Literal
2011-05-25 01:38:06,635 - Loaded System Directive: org.apache.velocity.runtime.directive.Literal
2011-05-25 01:38:06,635 - Loaded System Directive: org.apache.velocity.runtime.directive.Literal
2011-05-25 01:38:06,635 - Loaded System Directive: org.apache.velocity.runtime.directive.Macro
2011-05-25 01:38:06,635 - Loaded System Directive: org.apache.velocity.runtime.directive.Macro
2011-05-25 01:38:06,635 - Loaded System Directive: org.apache.velocity.runtime.directive.Macro
2011-05-25 01:38:06,635 - Loaded System Directive: org.apache.velocity.runtime.directive.Parse
2011-05-25 01:38:06,635 - Loaded System Directive: org.apache.velocity.runtime.directive.Parse
2011-05-25 01:38:06,635 - Loaded System Directive: org.apache.velocity.runtime.directive.Parse
2011-05-25 01:38:06,635 - Loaded System Directive: org.apache.velocity.runtime.directive.Include
2011-05-25 01:38:06,635 - Loaded System Directive: org.apache.velocity.runtime.directive.Include
2011-05-25 01:38:06,635 - Loaded System Directive: org.apache.velocity.runtime.directive.Include
2011-05-25 01:38:06,635 - Loaded System Directive: org.apache.velocity.runtime.directive.Foreach
2011-05-25 01:38:06,635 - Loaded System Directive: org.apache.velocity.runtime.directive.Foreach
2011-05-25 01:38:06,635 - Loaded System Directive: org.apache.velocity.runtime.directive.Foreach
2011-05-25 01:38:06,694 - Created '20' parsers.
2011-05-25 01:38:06,694 - Created '20' parsers.
2011-05-25 01:38:06,694 - Created '20' parsers.
2011-05-25 01:38:06,694 - Velocimacro : initialization starting.
2011-05-25 01:38:06,694 - Velocimacro : initialization starting.
2011-05-25 01:38:06,694 - Velocimacro : initialization starting.
2011-05-25 01:38:06,694 - Velocimacro : "velocimacro.library" is not set.  Trying default library: VM_global_library.vm
2011-05-25 01:38:06,694 - Velocimacro : "velocimacro.library" is not set.  Trying default library: VM_global_library.vm
2011-05-25 01:38:06,694 - Velocimacro : "velocimacro.library" is not set.  Trying default library: VM_global_library.vm
2011-05-25 01:38:06,694 - Velocimacro : Default library not found.
2011-05-25 01:38:06,694 - Velocimacro : Default library not found.
2011-05-25 01:38:06,694 - Velocimacro : Default library not found.
2011-05-25 01:38:06,694 - Velocimacro : allowInline = true : VMs can be defined inline in templates
2011-05-25 01:38:06,694 - Velocimacro : allowInline = true : VMs can be defined inline in templates
2011-05-25 01:38:06,694 - Velocimacro : allowInline = true : VMs can be defined inline in templates
2011-05-25 01:38:06,694 - Velocimacro : allowInlineToOverride = false : VMs defined inline may NOT replace previous VM definitions
2011-05-25 01:38:06,694 - Velocimacro : allowInlineToOverride = false : VMs defined inline may NOT replace previous VM definitions
2011-05-25 01:38:06,694 - Velocimacro : allowInlineToOverride = false : VMs defined inline may NOT replace previous VM definitions
2011-05-25 01:38:06,694 - Velocimacro : allowInlineLocal = false : VMs defined inline will be global in scope if allowed.
2011-05-25 01:38:06,694 - Velocimacro : allowInlineLocal = false : VMs defined inline will be global in scope if allowed.
2011-05-25 01:38:06,694 - Velocimacro : allowInlineLocal = false : VMs defined inline will be global in scope if allowed.
2011-05-25 01:38:06,695 - Velocimacro : autoload off : VM system will not automatically reload global library macros
2011-05-25 01:38:06,695 - Velocimacro : autoload off : VM system will not automatically reload global library macros
2011-05-25 01:38:06,695 - Velocimacro : autoload off : VM system will not automatically reload global library macros
2011-05-25 01:38:06,695 - Velocimacro : Velocimacro : initialization complete.
2011-05-25 01:38:06,695 - Velocimacro : Velocimacro : initialization complete.
2011-05-25 01:38:06,695 - Velocimacro : Velocimacro : initialization complete.
2011-05-25 01:38:06,695 - RuntimeInstance successfully initialized.
2011-05-25 01:38:06,695 - RuntimeInstance successfully initialized.
2011-05-25 01:38:06,695 - RuntimeInstance successfully initialized.
2011-05-25 01:38:06,695 - Velocimacro : added #mixedcase(  name ) : source = class.vm
2011-05-25 01:38:06,695 - Velocimacro : added #mixedcase(  name ) : source = class.vm
2011-05-25 01:38:06,695 - Velocimacro : added #mixedcase(  name ) : source = class.vm
2011-05-25 01:38:06,695 - Velocimacro : added #lowercase(  name ) : source = class.vm
2011-05-25 01:38:06,695 - Velocimacro : added #lowercase(  name ) : source = class.vm
2011-05-25 01:38:06,695 - Velocimacro : added #lowercase(  name ) : source = class.vm
2011-05-25 01:38:06,696 - Velocimacro : added #uppercase(  name ) : source = class.vm
2011-05-25 01:38:06,696 - Velocimacro : added #uppercase(  name ) : source = class.vm
2011-05-25 01:38:06,696 - Velocimacro : added #uppercase(  name ) : source = class.vm
2011-05-25 01:38:06,696 - Velocimacro : added #comment(  indent name ) : source = class.vm
2011-05-25 01:38:06,696 - Velocimacro : added #comment(  indent name ) : source = class.vm
2011-05-25 01:38:06,696 - Velocimacro : added #comment(  indent name ) : source = class.vm
2011-05-25 01:38:06,697 - Velocimacro : added #debug(  text ) : source = class.vm
2011-05-25 01:38:06,697 - Velocimacro : added #debug(  text ) : source = class.vm
2011-05-25 01:38:06,697 - Velocimacro : added #debug(  text ) : source = class.vm
2011-05-25 01:38:06,715 - ResourceManager : found class.vm with loader org.apache.velocity.runtime.resource.loader.ClasspathResourceLoader
2011-05-25 01:38:06,721 - Left side ($name.getComment().lenght) of '>' operation has null value. Operation not possible. class.vm [line 1, column 32]
2011-05-25 01:38:06,768 - ResourceManager : found get.vm with loader org.apache.velocity.runtime.resource.loader.ClasspathResourceLoader
2011-05-25 01:38:06,769 - Left side ($name.getComment().lenght) of '>' operation has null value. Operation not possible. get.vm [line 1, column 32]
2011-05-25 01:38:06,769 - Left side ($name.getComment().lenght) of '>' operation has null value. Operation not possible. get.vm [line 1, column 32]
2011-05-25 01:38:06,769 - Left side ($name.getComment().lenght) of '>' operation has null value. Operation not possible. get.vm [line 1, column 32]
2011-05-25 01:38:06,770 - Left side ($name.getComment().lenght) of '>' operation has null value. Operation not possible. get.vm [line 1, column 32]
2011-05-25 01:38:06,770 - Left side ($name.getComment().lenght) of '>' operation has null value. Operation not possible. get.vm [line 1, column 32]
2011-05-25 01:38:06,770 - Left side ($name.getComment().lenght) of '>' operation has null value. Operation not possible. get.vm [line 1, column 32]
2011-05-25 01:38:06,771 - Left side ($name.getComment().lenght) of '>' operation has null value. Operation not possible. get.vm [line 1, column 32]
2011-05-25 01:38:06,772 - Left side ($name.getComment().lenght) of '>' operation has null value. Operation not possible. get.vm [line 1, column 32]
2011-05-25 01:38:06,772 - Left side ($name.getComment().lenght) of '>' operation has null value. Operation not possible. get.vm [line 1, column 32]
2011-05-25 01:38:06,772 - Null reference [template 'get.vm', line 234, column 38] : $type cannot be resolved.
2011-05-25 01:38:06,773 - Left side ($name.getComment().lenght) of '>' operation has null value. Operation not possible. get.vm [line 1, column 32]
2011-05-25 01:38:06,773 - Null reference [template 'get.vm', line 246, column 35] : $type cannot be resolved.
2011-05-25 01:38:06,773 - Left side ($name.getComment().lenght) of '>' operation has null value. Operation not possible. get.vm [line 1, column 32]
2011-05-25 01:38:06,773 - Null reference [template 'get.vm', line 256, column 38] : $type cannot be resolved.
2011-05-25 01:38:06,774 - Left side ($name.getComment().lenght) of '>' operation has null value. Operation not possible. get.vm [line 1, column 32]
2011-05-25 01:38:06,774 - Null reference [template 'get.vm', line 266, column 35] : $type cannot be resolved.
2011-05-25 01:38:06,794 - ResourceManager : found add.vm with loader org.apache.velocity.runtime.resource.loader.ClasspathResourceLoader
2011-05-25 01:38:06,794 - Left side ($name.getComment().lenght) of '>' operation has null value. Operation not possible. add.vm [line 1, column 32]
2011-05-25 01:38:06,794 - Left side ($name.getComment().lenght) of '>' operation has null value. Operation not possible. add.vm [line 1, column 32]
2011-05-25 01:38:06,795 - Left side ($name.getComment().lenght) of '>' operation has null value. Operation not possible. add.vm [line 1, column 32]
2011-05-25 01:38:06,795 - Left side ($name.getComment().lenght) of '>' operation has null value. Operation not possible. add.vm [line 1, column 32]
2011-05-25 01:38:06,804 - ResourceManager : found set.vm with loader org.apache.velocity.runtime.resource.loader.ClasspathResourceLoader
2011-05-25 01:38:06,804 - Left side ($name.getComment().lenght) of '>' operation has null value. Operation not possible. set.vm [line 1, column 32]
2011-05-25 01:38:06,805 - Left side ($name.getComment().lenght) of '>' operation has null value. Operation not possible. set.vm [line 1, column 32]
2011-05-25 01:38:06,805 - Left side ($name.getComment().lenght) of '>' operation has null value. Operation not possible. set.vm [line 1, column 32]
2011-05-25 01:38:06,805 - Left side ($name.getComment().lenght) of '>' operation has null value. Operation not possible. set.vm [line 1, column 32]
2011-05-25 01:38:06,824 - ResourceManager : found remove.vm with loader org.apache.velocity.runtime.resource.loader.ClasspathResourceLoader
2011-05-25 01:38:06,825 - Left side ($name.getComment().lenght) of '>' operation has null value. Operation not possible. remove.vm [line 1, column 32]
2011-05-25 01:38:06,825 - Left side ($name.getComment().lenght) of '>' operation has null value. Operation not possible. remove.vm [line 1, column 32]
2011-05-25 01:38:06,825 - Left side ($name.getComment().lenght) of '>' operation has null value. Operation not possible. remove.vm [line 1, column 32]
2011-05-25 01:38:06,826 - Left side ($name.getComment().lenght) of '>' operation has null value. Operation not possible. remove.vm [line 1, column 32]
2011-05-25 01:38:06,829 - ResourceManager : found removeall.vm with loader org.apache.velocity.runtime.resource.loader.ClasspathResourceLoader
2011-05-25 01:38:06,829 - Left side ($name.getComment().lenght) of '>' operation has null value. Operation not possible. removeall.vm [line 1, column 32]
2011-05-25 01:38:06,830 - Left side ($name.getComment().lenght) of '>' operation has null value. Operation not possible. removeall.vm [line 1, column 32]
2011-05-28 19:45:59,600 - SimpleLog4JLogSystem initialized using logfile 'velocity.log'
2011-05-28 19:45:59,612 - *******************************************************************
2011-05-28 19:45:59,612 - Starting Apache Velocity v1.5 (compiled: 2007-02-22 08:52:29)
2011-05-28 19:45:59,612 - RuntimeInstance initializing.
2011-05-28 19:45:59,612 - Default Properties File: org/apache/velocity/runtime/defaults/velocity.properties
2011-05-28 19:45:59,612 - Trying to use logger class org.apache.velocity.runtime.log.SimpleLog4JLogSystem
2011-05-28 19:45:59,612 - LogSystem has been deprecated. Please use a LogChute implementation.
2011-05-28 19:45:59,614 - Default ResourceManager initializing. (class org.apache.velocity.runtime.resource.ResourceManagerImpl)
2011-05-28 19:45:59,616 - ResourceLoader instantiated: org.apache.velocity.runtime.resource.loader.ClasspathResourceLoader
2011-05-28 19:45:59,616 - ClasspathResourceLoader : initialization complete.
2011-05-28 19:45:59,650 - ResourceCache: initialized (class org.apache.velocity.runtime.resource.ResourceCacheImpl)
2011-05-28 19:45:59,650 - Default ResourceManager initialization complete.
2011-05-28 19:45:59,651 - Loaded System Directive: org.apache.velocity.runtime.directive.Literal
2011-05-28 19:45:59,652 - Loaded System Directive: org.apache.velocity.runtime.directive.Macro
2011-05-28 19:45:59,653 - Loaded System Directive: org.apache.velocity.runtime.directive.Parse
2011-05-28 19:45:59,654 - Loaded System Directive: org.apache.velocity.runtime.directive.Include
2011-05-28 19:45:59,655 - Loaded System Directive: org.apache.velocity.runtime.directive.Foreach
2011-05-28 19:45:59,681 - Created '20' parsers.
2011-05-28 19:45:59,689 - Velocimacro : initialization starting.
2011-05-28 19:45:59,689 - Velocimacro : "velocimacro.library" is not set.  Trying default library: VM_global_library.vm
2011-05-28 19:45:59,689 - Velocimacro : Default library not found.
2011-05-28 19:45:59,689 - Velocimacro : allowInline = true : VMs can be defined inline in templates
2011-05-28 19:45:59,689 - Velocimacro : allowInlineToOverride = false : VMs defined inline may NOT replace previous VM definitions
2011-05-28 19:45:59,689 - Velocimacro : allowInlineLocal = false : VMs defined inline will be global in scope if allowed.
2011-05-28 19:45:59,689 - Velocimacro : autoload off : VM system will not automatically reload global library macros
2011-05-28 19:45:59,689 - Velocimacro : Velocimacro : initialization complete.
2011-05-28 19:45:59,689 - RuntimeInstance successfully initialized.
2011-05-28 19:45:59,700 - Velocimacro : added #mixedcase(  name ) : source = class.vm
2011-05-28 19:45:59,700 - Velocimacro : added #lowercase(  name ) : source = class.vm
2011-05-28 19:45:59,701 - Velocimacro : added #uppercase(  name ) : source = class.vm
2011-05-28 19:45:59,703 - Velocimacro : added #comment(  indent name ) : source = class.vm
2011-05-28 19:45:59,704 - Velocimacro : added #debug(  text ) : source = class.vm
2011-05-28 19:45:59,753 - ResourceManager : found class.vm with loader org.apache.velocity.runtime.resource.loader.ClasspathResourceLoader
2011-05-28 19:45:59,774 - Left side ($name.getComment().lenght) of '>' operation has null value. Operation not possible. class.vm [line 1, column 32]
2011-05-28 19:46:02,215 - SimpleLog4JLogSystem initialized using logfile 'velocity.log'
2011-05-28 19:46:02,215 - SimpleLog4JLogSystem initialized using logfile 'velocity.log'
2011-05-28 19:46:02,215 - *******************************************************************
2011-05-28 19:46:02,215 - *******************************************************************
2011-05-28 19:46:02,215 - Starting Apache Velocity v1.5 (compiled: 2007-02-22 08:52:29)
2011-05-28 19:46:02,215 - Starting Apache Velocity v1.5 (compiled: 2007-02-22 08:52:29)
2011-05-28 19:46:02,215 - RuntimeInstance initializing.
2011-05-28 19:46:02,215 - RuntimeInstance initializing.
2011-05-28 19:46:02,215 - Default Properties File: org/apache/velocity/runtime/defaults/velocity.properties
2011-05-28 19:46:02,215 - Default Properties File: org/apache/velocity/runtime/defaults/velocity.properties
2011-05-28 19:46:02,215 - Trying to use logger class org.apache.velocity.runtime.log.SimpleLog4JLogSystem
2011-05-28 19:46:02,215 - Trying to use logger class org.apache.velocity.runtime.log.SimpleLog4JLogSystem
2011-05-28 19:46:02,215 - LogSystem has been deprecated. Please use a LogChute implementation.
2011-05-28 19:46:02,215 - LogSystem has been deprecated. Please use a LogChute implementation.
2011-05-28 19:46:02,216 - Default ResourceManager initializing. (class org.apache.velocity.runtime.resource.ResourceManagerImpl)
2011-05-28 19:46:02,216 - Default ResourceManager initializing. (class org.apache.velocity.runtime.resource.ResourceManagerImpl)
2011-05-28 19:46:02,216 - ResourceLoader instantiated: org.apache.velocity.runtime.resource.loader.ClasspathResourceLoader
2011-05-28 19:46:02,216 - ResourceLoader instantiated: org.apache.velocity.runtime.resource.loader.ClasspathResourceLoader
2011-05-28 19:46:02,216 - ClasspathResourceLoader : initialization complete.
2011-05-28 19:46:02,216 - ClasspathResourceLoader : initialization complete.
2011-05-28 19:46:02,216 - ResourceCache: initialized (class org.apache.velocity.runtime.resource.ResourceCacheImpl)
2011-05-28 19:46:02,216 - ResourceCache: initialized (class org.apache.velocity.runtime.resource.ResourceCacheImpl)
2011-05-28 19:46:02,216 - Default ResourceManager initialization complete.
2011-05-28 19:46:02,216 - Default ResourceManager initialization complete.
2011-05-28 19:46:02,216 - Loaded System Directive: org.apache.velocity.runtime.directive.Literal
2011-05-28 19:46:02,216 - Loaded System Directive: org.apache.velocity.runtime.directive.Literal
2011-05-28 19:46:02,216 - Loaded System Directive: org.apache.velocity.runtime.directive.Macro
2011-05-28 19:46:02,216 - Loaded System Directive: org.apache.velocity.runtime.directive.Macro
2011-05-28 19:46:02,216 - Loaded System Directive: org.apache.velocity.runtime.directive.Parse
2011-05-28 19:46:02,216 - Loaded System Directive: org.apache.velocity.runtime.directive.Parse
2011-05-28 19:46:02,216 - Loaded System Directive: org.apache.velocity.runtime.directive.Include
2011-05-28 19:46:02,216 - Loaded System Directive: org.apache.velocity.runtime.directive.Include
2011-05-28 19:46:02,216 - Loaded System Directive: org.apache.velocity.runtime.directive.Foreach
2011-05-28 19:46:02,216 - Loaded System Directive: org.apache.velocity.runtime.directive.Foreach
2011-05-28 19:46:02,218 - Created '20' parsers.
2011-05-28 19:46:02,218 - Created '20' parsers.
2011-05-28 19:46:02,218 - Velocimacro : initialization starting.
2011-05-28 19:46:02,218 - Velocimacro : initialization starting.
2011-05-28 19:46:02,218 - Velocimacro : "velocimacro.library" is not set.  Trying default library: VM_global_library.vm
2011-05-28 19:46:02,218 - Velocimacro : "velocimacro.library" is not set.  Trying default library: VM_global_library.vm
2011-05-28 19:46:02,218 - Velocimacro : Default library not found.
2011-05-28 19:46:02,218 - Velocimacro : Default library not found.
2011-05-28 19:46:02,218 - Velocimacro : allowInline = true : VMs can be defined inline in templates
2011-05-28 19:46:02,218 - Velocimacro : allowInline = true : VMs can be defined inline in templates
2011-05-28 19:46:02,218 - Velocimacro : allowInlineToOverride = false : VMs defined inline may NOT replace previous VM definitions
2011-05-28 19:46:02,218 - Velocimacro : allowInlineToOverride = false : VMs defined inline may NOT replace previous VM definitions
2011-05-28 19:46:02,218 - Velocimacro : allowInlineLocal = false : VMs defined inline will be global in scope if allowed.
2011-05-28 19:46:02,218 - Velocimacro : allowInlineLocal = false : VMs defined inline will be global in scope if allowed.
2011-05-28 19:46:02,218 - Velocimacro : autoload off : VM system will not automatically reload global library macros
2011-05-28 19:46:02,218 - Velocimacro : autoload off : VM system will not automatically reload global library macros
2011-05-28 19:46:02,218 - Velocimacro : Velocimacro : initialization complete.
2011-05-28 19:46:02,218 - Velocimacro : Velocimacro : initialization complete.
2011-05-28 19:46:02,218 - RuntimeInstance successfully initialized.
2011-05-28 19:46:02,218 - RuntimeInstance successfully initialized.
2011-05-28 19:46:02,219 - Velocimacro : added #mixedcase(  name ) : source = class.vm
2011-05-28 19:46:02,219 - Velocimacro : added #mixedcase(  name ) : source = class.vm
2011-05-28 19:46:02,219 - Velocimacro : added #lowercase(  name ) : source = class.vm
2011-05-28 19:46:02,219 - Velocimacro : added #lowercase(  name ) : source = class.vm
2011-05-28 19:46:02,220 - Velocimacro : added #uppercase(  name ) : source = class.vm
2011-05-28 19:46:02,220 - Velocimacro : added #uppercase(  name ) : source = class.vm
2011-05-28 19:46:02,220 - Velocimacro : added #comment(  indent name ) : source = class.vm
2011-05-28 19:46:02,220 - Velocimacro : added #comment(  indent name ) : source = class.vm
2011-05-28 19:46:02,220 - Velocimacro : added #debug(  text ) : source = class.vm
2011-05-28 19:46:02,220 - Velocimacro : added #debug(  text ) : source = class.vm
2011-05-28 19:46:02,244 - ResourceManager : found class.vm with loader org.apache.velocity.runtime.resource.loader.ClasspathResourceLoader
2011-05-28 19:46:02,244 - ResourceManager : found class.vm with loader org.apache.velocity.runtime.resource.loader.ClasspathResourceLoader
2011-05-28 19:46:02,247 - Left side ($name.getComment().lenght) of '>' operation has null value. Operation not possible. class.vm [line 1, column 32]
2011-05-28 19:46:02,247 - Left side ($name.getComment().lenght) of '>' operation has null value. Operation not possible. class.vm [line 1, column 32]
2011-05-28 19:46:02,325 - ResourceManager : found get.vm with loader org.apache.velocity.runtime.resource.loader.ClasspathResourceLoader
2011-05-28 19:46:02,325 - ResourceManager : found get.vm with loader org.apache.velocity.runtime.resource.loader.ClasspathResourceLoader
2011-05-28 19:46:02,325 - Left side ($name.getComment().lenght) of '>' operation has null value. Operation not possible. get.vm [line 1, column 32]
2011-05-28 19:46:02,325 - Left side ($name.getComment().lenght) of '>' operation has null value. Operation not possible. get.vm [line 1, column 32]
2011-05-28 19:46:02,325 - Left side ($name.getComment().lenght) of '>' operation has null value. Operation not possible. get.vm [line 1, column 32]
2011-05-28 19:46:02,325 - Left side ($name.getComment().lenght) of '>' operation has null value. Operation not possible. get.vm [line 1, column 32]
2011-05-28 19:46:02,326 - Left side ($name.getComment().lenght) of '>' operation has null value. Operation not possible. get.vm [line 1, column 32]
2011-05-28 19:46:02,326 - Left side ($name.getComment().lenght) of '>' operation has null value. Operation not possible. get.vm [line 1, column 32]
2011-05-28 19:46:02,326 - Left side ($name.getComment().lenght) of '>' operation has null value. Operation not possible. get.vm [line 1, column 32]
2011-05-28 19:46:02,326 - Left side ($name.getComment().lenght) of '>' operation has null value. Operation not possible. get.vm [line 1, column 32]
2011-05-28 19:46:02,326 - Left side ($name.getComment().lenght) of '>' operation has null value. Operation not possible. get.vm [line 1, column 32]
2011-05-28 19:46:02,326 - Left side ($name.getComment().lenght) of '>' operation has null value. Operation not possible. get.vm [line 1, column 32]
2011-05-28 19:46:02,327 - Left side ($name.getComment().lenght) of '>' operation has null value. Operation not possible. get.vm [line 1, column 32]
2011-05-28 19:46:02,327 - Left side ($name.getComment().lenght) of '>' operation has null value. Operation not possible. get.vm [line 1, column 32]
2011-05-28 19:46:02,328 - Left side ($name.getComment().lenght) of '>' operation has null value. Operation not possible. get.vm [line 1, column 32]
2011-05-28 19:46:02,328 - Left side ($name.getComment().lenght) of '>' operation has null value. Operation not possible. get.vm [line 1, column 32]
2011-05-28 19:46:02,328 - Left side ($name.getComment().lenght) of '>' operation has null value. Operation not possible. get.vm [line 1, column 32]
2011-05-28 19:46:02,328 - Left side ($name.getComment().lenght) of '>' operation has null value. Operation not possible. get.vm [line 1, column 32]
2011-05-28 19:46:02,328 - Left side ($name.getComment().lenght) of '>' operation has null value. Operation not possible. get.vm [line 1, column 32]
2011-05-28 19:46:02,328 - Left side ($name.getComment().lenght) of '>' operation has null value. Operation not possible. get.vm [line 1, column 32]
2011-05-28 19:46:02,329 - Null reference [template 'get.vm', line 234, column 38] : $type cannot be resolved.
2011-05-28 19:46:02,329 - Null reference [template 'get.vm', line 234, column 38] : $type cannot be resolved.
2011-05-28 19:46:02,330 - Left side ($name.getComment().lenght) of '>' operation has null value. Operation not possible. get.vm [line 1, column 32]
2011-05-28 19:46:02,330 - Left side ($name.getComment().lenght) of '>' operation has null value. Operation not possible. get.vm [line 1, column 32]
2011-05-28 19:46:02,330 - Null reference [template 'get.vm', line 246, column 35] : $type cannot be resolved.
2011-05-28 19:46:02,330 - Null reference [template 'get.vm', line 246, column 35] : $type cannot be resolved.
2011-05-28 19:46:02,331 - Left side ($name.getComment().lenght) of '>' operation has null value. Operation not possible. get.vm [line 1, column 32]
2011-05-28 19:46:02,331 - Left side ($name.getComment().lenght) of '>' operation has null value. Operation not possible. get.vm [line 1, column 32]
2011-05-28 19:46:02,331 - Null reference [template 'get.vm', line 256, column 38] : $type cannot be resolved.
2011-05-28 19:46:02,331 - Null reference [template 'get.vm', line 256, column 38] : $type cannot be resolved.
2011-05-28 19:46:02,331 - Left side ($name.getComment().lenght) of '>' operation has null value. Operation not possible. get.vm [line 1, column 32]
2011-05-28 19:46:02,331 - Left side ($name.getComment().lenght) of '>' operation has null value. Operation not possible. get.vm [line 1, column 32]
2011-05-28 19:46:02,331 - Null reference [template 'get.vm', line 266, column 35] : $type cannot be resolved.
2011-05-28 19:46:02,331 - Null reference [template 'get.vm', line 266, column 35] : $type cannot be resolved.
2011-05-28 19:46:02,364 - ResourceManager : found add.vm with loader org.apache.velocity.runtime.resource.loader.ClasspathResourceLoader
2011-05-28 19:46:02,364 - ResourceManager : found add.vm with loader org.apache.velocity.runtime.resource.loader.ClasspathResourceLoader
2011-05-28 19:46:02,365 - Left side ($name.getComment().lenght) of '>' operation has null value. Operation not possible. add.vm [line 1, column 32]
2011-05-28 19:46:02,365 - Left side ($name.getComment().lenght) of '>' operation has null value. Operation not possible. add.vm [line 1, column 32]
2011-05-28 19:46:02,366 - Left side ($name.getComment().lenght) of '>' operation has null value. Operation not possible. add.vm [line 1, column 32]
2011-05-28 19:46:02,366 - Left side ($name.getComment().lenght) of '>' operation has null value. Operation not possible. add.vm [line 1, column 32]
2011-05-28 19:46:02,367 - Left side ($name.getComment().lenght) of '>' operation has null value. Operation not possible. add.vm [line 1, column 32]
2011-05-28 19:46:02,367 - Left side ($name.getComment().lenght) of '>' operation has null value. Operation not possible. add.vm [line 1, column 32]
2011-05-28 19:46:02,367 - Left side ($name.getComment().lenght) of '>' operation has null value. Operation not possible. add.vm [line 1, column 32]
2011-05-28 19:46:02,367 - Left side ($name.getComment().lenght) of '>' operation has null value. Operation not possible. add.vm [line 1, column 32]
2011-05-28 19:46:02,384 - ResourceManager : found set.vm with loader org.apache.velocity.runtime.resource.loader.ClasspathResourceLoader
2011-05-28 19:46:02,384 - ResourceManager : found set.vm with loader org.apache.velocity.runtime.resource.loader.ClasspathResourceLoader
2011-05-28 19:46:02,385 - Left side ($name.getComment().lenght) of '>' operation has null value. Operation not possible. set.vm [line 1, column 32]
2011-05-28 19:46:02,385 - Left side ($name.getComment().lenght) of '>' operation has null value. Operation not possible. set.vm [line 1, column 32]
2011-05-28 19:46:02,385 - Left side ($name.getComment().lenght) of '>' operation has null value. Operation not possible. set.vm [line 1, column 32]
2011-05-28 19:46:02,385 - Left side ($name.getComment().lenght) of '>' operation has null value. Operation not possible. set.vm [line 1, column 32]
2011-05-28 19:46:02,386 - Left side ($name.getComment().lenght) of '>' operation has null value. Operation not possible. set.vm [line 1, column 32]
2011-05-28 19:46:02,386 - Left side ($name.getComment().lenght) of '>' operation has null value. Operation not possible. set.vm [line 1, column 32]
2011-05-28 19:46:02,386 - Left side ($name.getComment().lenght) of '>' operation has null value. Operation not possible. set.vm [line 1, column 32]
2011-05-28 19:46:02,386 - Left side ($name.getComment().lenght) of '>' operation has null value. Operation not possible. set.vm [line 1, column 32]
2011-05-28 19:46:02,418 - ResourceManager : found remove.vm with loader org.apache.velocity.runtime.resource.loader.ClasspathResourceLoader
2011-05-28 19:46:02,418 - ResourceManager : found remove.vm with loader org.apache.velocity.runtime.resource.loader.ClasspathResourceLoader
2011-05-28 19:46:02,419 - Left side ($name.getComment().lenght) of '>' operation has null value. Operation not possible. remove.vm [line 1, column 32]
2011-05-28 19:46:02,419 - Left side ($name.getComment().lenght) of '>' operation has null value. Operation not possible. remove.vm [line 1, column 32]
2011-05-28 19:46:02,419 - Left side ($name.getComment().lenght) of '>' operation has null value. Operation not possible. remove.vm [line 1, column 32]
2011-05-28 19:46:02,419 - Left side ($name.getComment().lenght) of '>' operation has null value. Operation not possible. remove.vm [line 1, column 32]
2011-05-28 19:46:02,420 - Left side ($name.getComment().lenght) of '>' operation has null value. Operation not possible. remove.vm [line 1, column 32]
2011-05-28 19:46:02,420 - Left side ($name.getComment().lenght) of '>' operation has null value. Operation not possible. remove.vm [line 1, column 32]
2011-05-28 19:46:02,420 - Left side ($name.getComment().lenght) of '>' operation has null value. Operation not possible. remove.vm [line 1, column 32]
2011-05-28 19:46:02,420 - Left side ($name.getComment().lenght) of '>' operation has null value. Operation not possible. remove.vm [line 1, column 32]
2011-05-28 19:46:02,428 - ResourceManager : found removeall.vm with loader org.apache.velocity.runtime.resource.loader.ClasspathResourceLoader
2011-05-28 19:46:02,428 - ResourceManager : found removeall.vm with loader org.apache.velocity.runtime.resource.loader.ClasspathResourceLoader
2011-05-28 19:46:02,429 - Left side ($name.getComment().lenght) of '>' operation has null value. Operation not possible. removeall.vm [line 1, column 32]
2011-05-28 19:46:02,429 - Left side ($name.getComment().lenght) of '>' operation has null value. Operation not possible. removeall.vm [line 1, column 32]
2011-05-28 19:46:02,429 - Left side ($name.getComment().lenght) of '>' operation has null value. Operation not possible. removeall.vm [line 1, column 32]
2011-05-28 19:46:02,429 - Left side ($name.getComment().lenght) of '>' operation has null value. Operation not possible. removeall.vm [line 1, column 32]
2011-05-28 19:46:02,803 - SimpleLog4JLogSystem initialized using logfile 'velocity.log'
2011-05-28 19:46:02,803 - SimpleLog4JLogSystem initialized using logfile 'velocity.log'
2011-05-28 19:46:02,803 - *******************************************************************
2011-05-28 19:46:02,803 - *******************************************************************
2011-05-28 19:46:02,803 - Starting Apache Velocity v1.5 (compiled: 2007-02-22 08:52:29)
2011-05-28 19:46:02,803 - Starting Apache Velocity v1.5 (compiled: 2007-02-22 08:52:29)
2011-05-28 19:46:02,803 - RuntimeInstance initializing.
2011-05-28 19:46:02,803 - RuntimeInstance initializing.
2011-05-28 19:46:02,803 - Default Properties File: org/apache/velocity/runtime/defaults/velocity.properties
2011-05-28 19:46:02,803 - Default Properties File: org/apache/velocity/runtime/defaults/velocity.properties
2011-05-28 19:46:02,803 - Trying to use logger class org.apache.velocity.runtime.log.SimpleLog4JLogSystem
2011-05-28 19:46:02,803 - Trying to use logger class org.apache.velocity.runtime.log.SimpleLog4JLogSystem
2011-05-28 19:46:02,803 - LogSystem has been deprecated. Please use a LogChute implementation.
2011-05-28 19:46:02,803 - LogSystem has been deprecated. Please use a LogChute implementation.
2011-05-28 19:46:02,804 - Default ResourceManager initializing. (class org.apache.velocity.runtime.resource.ResourceManagerImpl)
2011-05-28 19:46:02,804 - Default ResourceManager initializing. (class org.apache.velocity.runtime.resource.ResourceManagerImpl)
2011-05-28 19:46:02,804 - ResourceLoader instantiated: org.apache.velocity.runtime.resource.loader.ClasspathResourceLoader
2011-05-28 19:46:02,804 - ResourceLoader instantiated: org.apache.velocity.runtime.resource.loader.ClasspathResourceLoader
2011-05-28 19:46:02,804 - ClasspathResourceLoader : initialization complete.
2011-05-28 19:46:02,804 - ClasspathResourceLoader : initialization complete.
2011-05-28 19:46:02,804 - ResourceCache: initialized (class org.apache.velocity.runtime.resource.ResourceCacheImpl)
2011-05-28 19:46:02,804 - ResourceCache: initialized (class org.apache.velocity.runtime.resource.ResourceCacheImpl)
2011-05-28 19:46:02,804 - Default ResourceManager initialization complete.
2011-05-28 19:46:02,804 - Default ResourceManager initialization complete.
2011-05-28 19:46:02,804 - Loaded System Directive: org.apache.velocity.runtime.directive.Literal
2011-05-28 19:46:02,804 - Loaded System Directive: org.apache.velocity.runtime.directive.Literal
2011-05-28 19:46:02,804 - Loaded System Directive: org.apache.velocity.runtime.directive.Macro
2011-05-28 19:46:02,804 - Loaded System Directive: org.apache.velocity.runtime.directive.Macro
2011-05-28 19:46:02,804 - Loaded System Directive: org.apache.velocity.runtime.directive.Parse
2011-05-28 19:46:02,804 - Loaded System Directive: org.apache.velocity.runtime.directive.Parse
2011-05-28 19:46:02,804 - Loaded System Directive: org.apache.velocity.runtime.directive.Include
2011-05-28 19:46:02,804 - Loaded System Directive: org.apache.velocity.runtime.directive.Include
2011-05-28 19:46:02,805 - Loaded System Directive: org.apache.velocity.runtime.directive.Foreach
2011-05-28 19:46:02,805 - Loaded System Directive: org.apache.velocity.runtime.directive.Foreach
2011-05-28 19:46:02,806 - Created '20' parsers.
2011-05-28 19:46:02,806 - Created '20' parsers.
2011-05-28 19:46:02,806 - Velocimacro : initialization starting.
2011-05-28 19:46:02,806 - Velocimacro : initialization starting.
2011-05-28 19:46:02,806 - Velocimacro : "velocimacro.library" is not set.  Trying default library: VM_global_library.vm
2011-05-28 19:46:02,806 - Velocimacro : "velocimacro.library" is not set.  Trying default library: VM_global_library.vm
2011-05-28 19:46:02,807 - Velocimacro : Default library not found.
2011-05-28 19:46:02,807 - Velocimacro : Default library not found.
2011-05-28 19:46:02,807 - Velocimacro : allowInline = true : VMs can be defined inline in templates
2011-05-28 19:46:02,807 - Velocimacro : allowInline = true : VMs can be defined inline in templates
2011-05-28 19:46:02,807 - Velocimacro : allowInlineToOverride = false : VMs defined inline may NOT replace previous VM definitions
2011-05-28 19:46:02,807 - Velocimacro : allowInlineToOverride = false : VMs defined inline may NOT replace previous VM definitions
2011-05-28 19:46:02,807 - Velocimacro : allowInlineLocal = false : VMs defined inline will be global in scope if allowed.
2011-05-28 19:46:02,807 - Velocimacro : allowInlineLocal = false : VMs defined inline will be global in scope if allowed.
2011-05-28 19:46:02,807 - Velocimacro : autoload off : VM system will not automatically reload global library macros
2011-05-28 19:46:02,807 - Velocimacro : autoload off : VM system will not automatically reload global library macros
2011-05-28 19:46:02,807 - Velocimacro : Velocimacro : initialization complete.
2011-05-28 19:46:02,807 - Velocimacro : Velocimacro : initialization complete.
2011-05-28 19:46:02,807 - RuntimeInstance successfully initialized.
2011-05-28 19:46:02,807 - RuntimeInstance successfully initialized.
2011-05-28 19:46:02,808 - Velocimacro : added #mixedcase(  name ) : source = class.vm
2011-05-28 19:46:02,808 - Velocimacro : added #mixedcase(  name ) : source = class.vm
2011-05-28 19:46:02,808 - Velocimacro : added #lowercase(  name ) : source = class.vm
2011-05-28 19:46:02,808 - Velocimacro : added #lowercase(  name ) : source = class.vm
2011-05-28 19:46:02,809 - Velocimacro : added #uppercase(  name ) : source = class.vm
2011-05-28 19:46:02,809 - Velocimacro : added #uppercase(  name ) : source = class.vm
2011-05-28 19:46:02,809 - Velocimacro : added #comment(  indent name ) : source = class.vm
2011-05-28 19:46:02,809 - Velocimacro : added #comment(  indent name ) : source = class.vm
2011-05-28 19:46:02,809 - Velocimacro : added #debug(  text ) : source = class.vm
2011-05-28 19:46:02,809 - Velocimacro : added #debug(  text ) : source = class.vm
2011-05-28 19:46:02,827 - ResourceManager : found class.vm with loader org.apache.velocity.runtime.resource.loader.ClasspathResourceLoader
2011-05-28 19:46:02,827 - ResourceManager : found class.vm with loader org.apache.velocity.runtime.resource.loader.ClasspathResourceLoader
2011-05-28 19:46:02,830 - Left side ($name.getComment().lenght) of '>' operation has null value. Operation not possible. class.vm [line 1, column 32]
2011-05-28 19:46:02,830 - Left side ($name.getComment().lenght) of '>' operation has null value. Operation not possible. class.vm [line 1, column 32]
2011-05-28 19:46:02,832 - Left side ($name.getComment().lenght) of '>' operation has null value. Operation not possible. class.vm [line 1, column 32]
2011-05-28 19:46:02,832 - Left side ($name.getComment().lenght) of '>' operation has null value. Operation not possible. class.vm [line 1, column 32]
2011-05-28 19:46:02,833 - Left side ($name.getComment().lenght) of '>' operation has null value. Operation not possible. class.vm [line 1, column 32]
2011-05-28 19:46:02,833 - Left side ($name.getComment().lenght) of '>' operation has null value. Operation not possible. class.vm [line 1, column 32]
2011-05-28 19:46:02,833 - Left side ($name.getComment().lenght) of '>' operation has null value. Operation not possible. class.vm [line 1, column 32]
2011-05-28 19:46:02,833 - Left side ($name.getComment().lenght) of '>' operation has null value. Operation not possible. class.vm [line 1, column 32]
2011-05-28 19:46:02,885 - ResourceManager : found get.vm with loader org.apache.velocity.runtime.resource.loader.ClasspathResourceLoader
2011-05-28 19:46:02,885 - ResourceManager : found get.vm with loader org.apache.velocity.runtime.resource.loader.ClasspathResourceLoader
2011-05-28 19:46:02,886 - Left side ($name.getComment().lenght) of '>' operation has null value. Operation not possible. get.vm [line 1, column 32]
2011-05-28 19:46:02,886 - Left side ($name.getComment().lenght) of '>' operation has null value. Operation not possible. get.vm [line 1, column 32]
2011-05-28 19:46:02,886 - Left side ($name.getComment().lenght) of '>' operation has null value. Operation not possible. get.vm [line 1, column 32]
2011-05-28 19:46:02,886 - Left side ($name.getComment().lenght) of '>' operation has null value. Operation not possible. get.vm [line 1, column 32]
2011-05-28 19:46:02,886 - Left side ($name.getComment().lenght) of '>' operation has null value. Operation not possible. get.vm [line 1, column 32]
2011-05-28 19:46:02,886 - Left side ($name.getComment().lenght) of '>' operation has null value. Operation not possible. get.vm [line 1, column 32]
2011-05-28 19:46:02,887 - Left side ($name.getComment().lenght) of '>' operation has null value. Operation not possible. get.vm [line 1, column 32]
2011-05-28 19:46:02,887 - Left side ($name.getComment().lenght) of '>' operation has null value. Operation not possible. get.vm [line 1, column 32]
2011-05-28 19:46:02,887 - Left side ($name.getComment().lenght) of '>' operation has null value. Operation not possible. get.vm [line 1, column 32]
2011-05-28 19:46:02,887 - Left side ($name.getComment().lenght) of '>' operation has null value. Operation not possible. get.vm [line 1, column 32]
2011-05-28 19:46:02,888 - Left side ($name.getComment().lenght) of '>' operation has null value. Operation not possible. get.vm [line 1, column 32]
2011-05-28 19:46:02,888 - Left side ($name.getComment().lenght) of '>' operation has null value. Operation not possible. get.vm [line 1, column 32]
2011-05-28 19:46:02,888 - Left side ($name.getComment().lenght) of '>' operation has null value. Operation not possible. get.vm [line 1, column 32]
2011-05-28 19:46:02,888 - Left side ($name.getComment().lenght) of '>' operation has null value. Operation not possible. get.vm [line 1, column 32]
2011-05-28 19:46:02,888 - Left side ($name.getComment().lenght) of '>' operation has null value. Operation not possible. get.vm [line 1, column 32]
2011-05-28 19:46:02,888 - Left side ($name.getComment().lenght) of '>' operation has null value. Operation not possible. get.vm [line 1, column 32]
2011-05-28 19:46:02,889 - Left side ($name.getComment().lenght) of '>' operation has null value. Operation not possible. get.vm [line 1, column 32]
2011-05-28 19:46:02,889 - Left side ($name.getComment().lenght) of '>' operation has null value. Operation not possible. get.vm [line 1, column 32]
2011-05-28 19:46:02,889 - Null reference [template 'get.vm', line 234, column 38] : $type cannot be resolved.
2011-05-28 19:46:02,889 - Null reference [template 'get.vm', line 234, column 38] : $type cannot be resolved.
2011-05-28 19:46:02,889 - Left side ($name.getComment().lenght) of '>' operation has null value. Operation not possible. get.vm [line 1, column 32]
2011-05-28 19:46:02,889 - Left side ($name.getComment().lenght) of '>' operation has null value. Operation not possible. get.vm [line 1, column 32]
2011-05-28 19:46:02,889 - Null reference [template 'get.vm', line 246, column 35] : $type cannot be resolved.
2011-05-28 19:46:02,889 - Null reference [template 'get.vm', line 246, column 35] : $type cannot be resolved.
2011-05-28 19:46:02,889 - Left side ($name.getComment().lenght) of '>' operation has null value. Operation not possible. get.vm [line 1, column 32]
2011-05-28 19:46:02,889 - Left side ($name.getComment().lenght) of '>' operation has null value. Operation not possible. get.vm [line 1, column 32]
2011-05-28 19:46:02,889 - Null reference [template 'get.vm', line 256, column 38] : $type cannot be resolved.
2011-05-28 19:46:02,889 - Null reference [template 'get.vm', line 256, column 38] : $type cannot be resolved.
2011-05-28 19:46:02,890 - Left side ($name.getComment().lenght) of '>' operation has null value. Operation not possible. get.vm [line 1, column 32]
2011-05-28 19:46:02,890 - Left side ($name.getComment().lenght) of '>' operation has null value. Operation not possible. get.vm [line 1, column 32]
2011-05-28 19:46:02,890 - Null reference [template 'get.vm', line 266, column 35] : $type cannot be resolved.
2011-05-28 19:46:02,890 - Null reference [template 'get.vm', line 266, column 35] : $type cannot be resolved.
2011-05-28 19:46:02,908 - ResourceManager : found add.vm with loader org.apache.velocity.runtime.resource.loader.ClasspathResourceLoader
2011-05-28 19:46:02,908 - ResourceManager : found add.vm with loader org.apache.velocity.runtime.resource.loader.ClasspathResourceLoader
2011-05-28 19:46:02,908 - Left side ($name.getComment().lenght) of '>' operation has null value. Operation not possible. add.vm [line 1, column 32]
2011-05-28 19:46:02,908 - Left side ($name.getComment().lenght) of '>' operation has null value. Operation not possible. add.vm [line 1, column 32]
2011-05-28 19:46:02,908 - Left side ($name.getComment().lenght) of '>' operation has null value. Operation not possible. add.vm [line 1, column 32]
2011-05-28 19:46:02,908 - Left side ($name.getComment().lenght) of '>' operation has null value. Operation not possible. add.vm [line 1, column 32]
2011-05-28 19:46:02,909 - Left side ($name.getComment().lenght) of '>' operation has null value. Operation not possible. add.vm [line 1, column 32]
2011-05-28 19:46:02,909 - Left side ($name.getComment().lenght) of '>' operation has null value. Operation not possible. add.vm [line 1, column 32]
2011-05-28 19:46:02,909 - Left side ($name.getComment().lenght) of '>' operation has null value. Operation not possible. add.vm [line 1, column 32]
2011-05-28 19:46:02,909 - Left side ($name.getComment().lenght) of '>' operation has null value. Operation not possible. add.vm [line 1, column 32]
2011-05-28 19:46:02,919 - ResourceManager : found set.vm with loader org.apache.velocity.runtime.resource.loader.ClasspathResourceLoader
2011-05-28 19:46:02,919 - ResourceManager : found set.vm with loader org.apache.velocity.runtime.resource.loader.ClasspathResourceLoader
2011-05-28 19:46:02,920 - Left side ($name.getComment().lenght) of '>' operation has null value. Operation not possible. set.vm [line 1, column 32]
2011-05-28 19:46:02,920 - Left side ($name.getComment().lenght) of '>' operation has null value. Operation not possible. set.vm [line 1, column 32]
2011-05-28 19:46:02,920 - Left side ($name.getComment().lenght) of '>' operation has null value. Operation not possible. set.vm [line 1, column 32]
2011-05-28 19:46:02,920 - Left side ($name.getComment().lenght) of '>' operation has null value. Operation not possible. set.vm [line 1, column 32]
2011-05-28 19:46:02,921 - Left side ($name.getComment().lenght) of '>' operation has null value. Operation not possible. set.vm [line 1, column 32]
2011-05-28 19:46:02,921 - Left side ($name.getComment().lenght) of '>' operation has null value. Operation not possible. set.vm [line 1, column 32]
2011-05-28 19:46:02,921 - Left side ($name.getComment().lenght) of '>' operation has null value. Operation not possible. set.vm [line 1, column 32]
2011-05-28 19:46:02,921 - Left side ($name.getComment().lenght) of '>' operation has null value. Operation not possible. set.vm [line 1, column 32]
2011-05-28 19:46:02,939 - ResourceManager : found remove.vm with loader org.apache.velocity.runtime.resource.loader.ClasspathResourceLoader
2011-05-28 19:46:02,939 - ResourceManager : found remove.vm with loader org.apache.velocity.runtime.resource.loader.ClasspathResourceLoader
2011-05-28 19:46:02,940 - Left side ($name.getComment().lenght) of '>' operation has null value. Operation not possible. remove.vm [line 1, column 32]
2011-05-28 19:46:02,940 - Left side ($name.getComment().lenght) of '>' operation has null value. Operation not possible. remove.vm [line 1, column 32]
2011-05-28 19:46:02,940 - Left side ($name.getComment().lenght) of '>' operation has null value. Operation not possible. remove.vm [line 1, column 32]
2011-05-28 19:46:02,940 - Left side ($name.getComment().lenght) of '>' operation has null value. Operation not possible. remove.vm [line 1, column 32]
2011-05-28 19:46:02,941 - Left side ($name.getComment().lenght) of '>' operation has null value. Operation not possible. remove.vm [line 1, column 32]
2011-05-28 19:46:02,941 - Left side ($name.getComment().lenght) of '>' operation has null value. Operation not possible. remove.vm [line 1, column 32]
2011-05-28 19:46:02,941 - Left side ($name.getComment().lenght) of '>' operation has null value. Operation not possible. remove.vm [line 1, column 32]
2011-05-28 19:46:02,941 - Left side ($name.getComment().lenght) of '>' operation has null value. Operation not possible. remove.vm [line 1, column 32]
2011-05-28 19:46:02,946 - ResourceManager : found removeall.vm with loader org.apache.velocity.runtime.resource.loader.ClasspathResourceLoader
2011-05-28 19:46:02,946 - ResourceManager : found removeall.vm with loader org.apache.velocity.runtime.resource.loader.ClasspathResourceLoader
2011-05-28 19:46:02,946 - Left side ($name.getComment().lenght) of '>' operation has null value. Operation not possible. removeall.vm [line 1, column 32]
2011-05-28 19:46:02,946 - Left side ($name.getComment().lenght) of '>' operation has null value. Operation not possible. removeall.vm [line 1, column 32]
2011-05-28 19:46:02,947 - Left side ($name.getComment().lenght) of '>' operation has null value. Operation not possible. removeall.vm [line 1, column 32]
2011-05-28 19:46:02,947 - Left side ($name.getComment().lenght) of '>' operation has null value. Operation not possible. removeall.vm [line 1, column 32]
2011-05-28 19:46:02,949 - Left side ($name.getComment().lenght) of '>' operation has null value. Operation not possible. class.vm [line 1, column 32]
2011-05-28 19:46:02,949 - Left side ($name.getComment().lenght) of '>' operation has null value. Operation not possible. class.vm [line 1, column 32]
2011-05-28 19:46:02,950 - Left side ($name.getComment().lenght) of '>' operation has null value. Operation not possible. class.vm [line 1, column 32]
2011-05-28 19:46:02,950 - Left side ($name.getComment().lenght) of '>' operation has null value. Operation not possible. class.vm [line 1, column 32]
2011-05-28 19:46:02,951 - Left side ($name.getComment().lenght) of '>' operation has null value. Operation not possible. class.vm [line 1, column 32]
2011-05-28 19:46:02,951 - Left side ($name.getComment().lenght) of '>' operation has null value. Operation not possible. class.vm [line 1, column 32]
2011-05-28 19:46:02,951 - Left side ($name.getComment().lenght) of '>' operation has null value. Operation not possible. class.vm [line 1, column 32]
2011-05-28 19:46:02,951 - Left side ($name.getComment().lenght) of '>' operation has null value. Operation not possible. class.vm [line 1, column 32]
2011-05-28 19:46:02,993 - ResourceManager : found get.vm with loader org.apache.velocity.runtime.resource.loader.ClasspathResourceLoader
2011-05-28 19:46:02,993 - ResourceManager : found get.vm with loader org.apache.velocity.runtime.resource.loader.ClasspathResourceLoader
2011-05-28 19:46:02,994 - Left side ($name.getComment().lenght) of '>' operation has null value. Operation not possible. get.vm [line 1, column 32]
2011-05-28 19:46:02,994 - Left side ($name.getComment().lenght) of '>' operation has null value. Operation not possible. get.vm [line 1, column 32]
2011-05-28 19:46:02,994 - Left side ($name.getComment().lenght) of '>' operation has null value. Operation not possible. get.vm [line 1, column 32]
2011-05-28 19:46:02,994 - Left side ($name.getComment().lenght) of '>' operation has null value. Operation not possible. get.vm [line 1, column 32]
2011-05-28 19:46:02,994 - Left side ($name.getComment().lenght) of '>' operation has null value. Operation not possible. get.vm [line 1, column 32]
2011-05-28 19:46:02,994 - Left side ($name.getComment().lenght) of '>' operation has null value. Operation not possible. get.vm [line 1, column 32]
2011-05-28 19:46:02,995 - Left side ($name.getComment().lenght) of '>' operation has null value. Operation not possible. get.vm [line 1, column 32]
2011-05-28 19:46:02,995 - Left side ($name.getComment().lenght) of '>' operation has null value. Operation not possible. get.vm [line 1, column 32]
2011-05-28 19:46:02,995 - Left side ($name.getComment().lenght) of '>' operation has null value. Operation not possible. get.vm [line 1, column 32]
2011-05-28 19:46:02,995 - Left side ($name.getComment().lenght) of '>' operation has null value. Operation not possible. get.vm [line 1, column 32]
2011-05-28 19:46:02,996 - Left side ($name.getComment().lenght) of '>' operation has null value. Operation not possible. get.vm [line 1, column 32]
2011-05-28 19:46:02,996 - Left side ($name.getComment().lenght) of '>' operation has null value. Operation not possible. get.vm [line 1, column 32]
2011-05-28 19:46:02,996 - Left side ($name.getComment().lenght) of '>' operation has null value. Operation not possible. get.vm [line 1, column 32]
2011-05-28 19:46:02,996 - Left side ($name.getComment().lenght) of '>' operation has null value. Operation not possible. get.vm [line 1, column 32]
2011-05-28 19:46:02,996 - Left side ($name.getComment().lenght) of '>' operation has null value. Operation not possible. get.vm [line 1, column 32]
2011-05-28 19:46:02,996 - Left side ($name.getComment().lenght) of '>' operation has null value. Operation not possible. get.vm [line 1, column 32]
2011-05-28 19:46:02,997 - Left side ($name.getComment().lenght) of '>' operation has null value. Operation not possible. get.vm [line 1, column 32]
2011-05-28 19:46:02,997 - Left side ($name.getComment().lenght) of '>' operation has null value. Operation not possible. get.vm [line 1, column 32]
2011-05-28 19:46:02,997 - Null reference [template 'get.vm', line 234, column 38] : $type cannot be resolved.
2011-05-28 19:46:02,997 - Null reference [template 'get.vm', line 234, column 38] : $type cannot be resolved.
2011-05-28 19:46:02,997 - Left side ($name.getComment().lenght) of '>' operation has null value. Operation not possible. get.vm [line 1, column 32]
2011-05-28 19:46:02,997 - Left side ($name.getComment().lenght) of '>' operation has null value. Operation not possible. get.vm [line 1, column 32]
2011-05-28 19:46:02,998 - Null reference [template 'get.vm', line 246, column 35] : $type cannot be resolved.
2011-05-28 19:46:02,998 - Null reference [template 'get.vm', line 246, column 35] : $type cannot be resolved.
2011-05-28 19:46:02,998 - Left side ($name.getComment().lenght) of '>' operation has null value. Operation not possible. get.vm [line 1, column 32]
2011-05-28 19:46:02,998 - Left side ($name.getComment().lenght) of '>' operation has null value. Operation not possible. get.vm [line 1, column 32]
2011-05-28 19:46:02,998 - Null reference [template 'get.vm', line 256, column 38] : $type cannot be resolved.
2011-05-28 19:46:02,998 - Null reference [template 'get.vm', line 256, column 38] : $type cannot be resolved.
2011-05-28 19:46:02,999 - Left side ($name.getComment().lenght) of '>' operation has null value. Operation not possible. get.vm [line 1, column 32]
2011-05-28 19:46:02,999 - Left side ($name.getComment().lenght) of '>' operation has null value. Operation not possible. get.vm [line 1, column 32]
2011-05-28 19:46:02,999 - Null reference [template 'get.vm', line 266, column 35] : $type cannot be resolved.
2011-05-28 19:46:02,999 - Null reference [template 'get.vm', line 266, column 35] : $type cannot be resolved.
2011-05-28 19:46:03,018 - ResourceManager : found add.vm with loader org.apache.velocity.runtime.resource.loader.ClasspathResourceLoader
2011-05-28 19:46:03,018 - ResourceManager : found add.vm with loader org.apache.velocity.runtime.resource.loader.ClasspathResourceLoader
2011-05-28 19:46:03,018 - Left side ($name.getComment().lenght) of '>' operation has null value. Operation not possible. add.vm [line 1, column 32]
2011-05-28 19:46:03,018 - Left side ($name.getComment().lenght) of '>' operation has null value. Operation not possible. add.vm [line 1, column 32]
2011-05-28 19:46:03,019 - Left side ($name.getComment().lenght) of '>' operation has null value. Operation not possible. add.vm [line 1, column 32]
2011-05-28 19:46:03,019 - Left side ($name.getComment().lenght) of '>' operation has null value. Operation not possible. add.vm [line 1, column 32]
2011-05-28 19:46:03,020 - Left side ($name.getComment().lenght) of '>' operation has null value. Operation not possible. add.vm [line 1, column 32]
2011-05-28 19:46:03,020 - Left side ($name.getComment().lenght) of '>' operation has null value. Operation not possible. add.vm [line 1, column 32]
2011-05-28 19:46:03,020 - Left side ($name.getComment().lenght) of '>' operation has null value. Operation not possible. add.vm [line 1, column 32]
2011-05-28 19:46:03,020 - Left side ($name.getComment().lenght) of '>' operation has null value. Operation not possible. add.vm [line 1, column 32]
2011-05-28 19:46:03,030 - ResourceManager : found set.vm with loader org.apache.velocity.runtime.resource.loader.ClasspathResourceLoader
2011-05-28 19:46:03,030 - ResourceManager : found set.vm with loader org.apache.velocity.runtime.resource.loader.ClasspathResourceLoader
2011-05-28 19:46:03,031 - Left side ($name.getComment().lenght) of '>' operation has null value. Operation not possible. set.vm [line 1, column 32]
2011-05-28 19:46:03,031 - Left side ($name.getComment().lenght) of '>' operation has null value. Operation not possible. set.vm [line 1, column 32]
2011-05-28 19:46:03,031 - Left side ($name.getComment().lenght) of '>' operation has null value. Operation not possible. set.vm [line 1, column 32]
2011-05-28 19:46:03,031 - Left side ($name.getComment().lenght) of '>' operation has null value. Operation not possible. set.vm [line 1, column 32]
2011-05-28 19:46:03,032 - Left side ($name.getComment().lenght) of '>' operation has null value. Operation not possible. set.vm [line 1, column 32]
2011-05-28 19:46:03,032 - Left side ($name.getComment().lenght) of '>' operation has null value. Operation not possible. set.vm [line 1, column 32]
2011-05-28 19:46:03,032 - Left side ($name.getComment().lenght) of '>' operation has null value. Operation not possible. set.vm [line 1, column 32]
2011-05-28 19:46:03,032 - Left side ($name.getComment().lenght) of '>' operation has null value. Operation not possible. set.vm [line 1, column 32]
2011-05-28 19:46:03,051 - ResourceManager : found remove.vm with loader org.apache.velocity.runtime.resource.loader.ClasspathResourceLoader
2011-05-28 19:46:03,051 - ResourceManager : found remove.vm with loader org.apache.velocity.runtime.resource.loader.ClasspathResourceLoader
2011-05-28 19:46:03,052 - Left side ($name.getComment().lenght) of '>' operation has null value. Operation not possible. remove.vm [line 1, column 32]
2011-05-28 19:46:03,052 - Left side ($name.getComment().lenght) of '>' operation has null value. Operation not possible. remove.vm [line 1, column 32]
2011-05-28 19:46:03,052 - Left side ($name.getComment().lenght) of '>' operation has null value. Operation not possible. remove.vm [line 1, column 32]
2011-05-28 19:46:03,052 - Left side ($name.getComment().lenght) of '>' operation has null value. Operation not possible. remove.vm [line 1, column 32]
2011-05-28 19:46:03,053 - Left side ($name.getComment().lenght) of '>' operation has null value. Operation not possible. remove.vm [line 1, column 32]
2011-05-28 19:46:03,053 - Left side ($name.getComment().lenght) of '>' operation has null value. Operation not possible. remove.vm [line 1, column 32]
2011-05-28 19:46:03,053 - Left side ($name.getComment().lenght) of '>' operation has null value. Operation not possible. remove.vm [line 1, column 32]
2011-05-28 19:46:03,053 - Left side ($name.getComment().lenght) of '>' operation has null value. Operation not possible. remove.vm [line 1, column 32]
2011-05-28 19:46:03,058 - ResourceManager : found removeall.vm with loader org.apache.velocity.runtime.resource.loader.ClasspathResourceLoader
2011-05-28 19:46:03,058 - ResourceManager : found removeall.vm with loader org.apache.velocity.runtime.resource.loader.ClasspathResourceLoader
2011-05-28 19:46:03,059 - Left side ($name.getComment().lenght) of '>' operation has null value. Operation not possible. removeall.vm [line 1, column 32]
2011-05-28 19:46:03,059 - Left side ($name.getComment().lenght) of '>' operation has null value. Operation not possible. removeall.vm [line 1, column 32]
2011-05-28 19:46:03,059 - Left side ($name.getComment().lenght) of '>' operation has null value. Operation not possible. removeall.vm [line 1, column 32]
2011-05-28 19:46:03,059 - Left side ($name.getComment().lenght) of '>' operation has null value. Operation not possible. removeall.vm [line 1, column 32]
