2011-05-29 18:23:10,294 - RHS of #set statement is null. Context will not be modified. class.vm [line 64, column 1]
2011-05-29 18:23:10,295 - RHS of #set statement is null. Context will not be modified. class.vm [line 64, column 1]
2011-05-29 18:23:10,296 - RHS of #set statement is null. Context will not be modified. class.vm [line 91, column 1]
2011-05-29 18:23:10,296 - RHS of #set statement is null. Context will not be modified. class.vm [line 91, column 1]
2011-05-29 18:23:10,296 - RHS of #set statement is null. Context will not be modified. class.vm [line 91, column 1]
2011-05-29 18:23:10,296 - RHS of #set statement is null. Context will not be modified. class.vm [line 91, column 1]
2011-05-29 18:23:10,299 - Left side ($name.getComment().lenght) of '>' operation has null value. Operation not possible. class.vm [line 1, column 32]
2011-05-29 18:23:10,300 - Left side ($name.getComment().lenght) of '>' operation has null value. Operation not possible. class.vm [line 1, column 32]
2011-05-29 18:23:10,300 - RHS of #set statement is null. Context will not be modified. class.vm [line 64, column 1]
2011-05-29 18:23:10,301 - Null reference [template 'class.vm', line 69, column 35] : ${classname} cannot be resolved.
2011-05-29 18:23:10,301 - RHS of #set statement is null. Context will not be modified. class.vm [line 64, column 1]
2011-05-29 18:23:10,301 - Null reference [template 'class.vm', line 69, column 35] : ${classname} cannot be resolved.
2011-05-29 18:23:10,301 - RHS of #set statement is null. Context will not be modified. class.vm [line 64, column 1]
2011-05-29 18:23:10,301 - Null reference [template 'class.vm', line 69, column 35] : ${classname} cannot be resolved.
2011-05-29 18:23:10,301 - RHS of #set statement is null. Context will not be modified. class.vm [line 64, column 1]
2011-05-29 18:23:10,301 - Null reference [template 'class.vm', line 69, column 35] : ${classname} cannot be resolved.
2011-05-29 18:23:10,302 - RHS of #set statement is null. Context will not be modified. class.vm [line 91, column 1]
2011-05-29 18:23:10,302 - RHS of #set statement is null. Context will not be modified. class.vm [line 91, column 1]
2011-05-29 18:23:10,302 - RHS of #set statement is null. Context will not be modified. class.vm [line 91, column 1]
2011-05-29 18:23:10,302 - RHS of #set statement is null. Context will not be modified. class.vm [line 91, column 1]
2011-05-29 18:23:10,303 - Left side ($name.getComment().lenght) of '>' operation has null value. Operation not possible. class.vm [line 1, column 32]
2011-05-29 18:23:10,306 - RHS of #set statement is null. Context will not be modified. class.vm [line 64, column 1]
2011-05-29 18:23:10,306 - RHS of #set statement is null. Context will not be modified. class.vm [line 64, column 1]
2011-05-29 18:23:10,306 - RHS of #set statement is null. Context will not be modified. class.vm [line 64, column 1]
2011-05-29 18:23:10,307 - RHS of #set statement is null. Context will not be modified. class.vm [line 64, column 1]
2011-05-29 18:23:10,307 - RHS of #set statement is null. Context will not be modified. class.vm [line 91, column 1]
2011-05-29 18:23:10,308 - RHS of #set statement is null. Context will not be modified. class.vm [line 91, column 1]
2011-05-29 18:23:10,308 - RHS of #set statement is null. Context will not be modified. class.vm [line 91, column 1]
2011-05-29 18:23:10,308 - RHS of #set statement is null. Context will not be modified. class.vm [line 91, column 1]
2011-05-29 18:23:10,309 - Left side ($name.getComment().lenght) of '>' operation has null value. Operation not possible. class.vm [line 1, column 32]
2011-05-29 18:24:16,806 - SimpleLog4JLogSystem initialized using logfile 'velocity.log'
2011-05-29 18:24:16,807 - *******************************************************************
2011-05-29 18:24:16,807 - Starting Apache Velocity v1.5 (compiled: 2007-02-22 08:52:29)
2011-05-29 18:24:16,807 - RuntimeInstance initializing.
2011-05-29 18:24:16,807 - Default Properties File: org/apache/velocity/runtime/defaults/velocity.properties
2011-05-29 18:24:16,807 - Trying to use logger class org.apache.velocity.runtime.log.SimpleLog4JLogSystem
2011-05-29 18:24:16,807 - LogSystem has been deprecated. Please use a LogChute implementation.
2011-05-29 18:24:16,809 - Default ResourceManager initializing. (class org.apache.velocity.runtime.resource.ResourceManagerImpl)
2011-05-29 18:24:16,811 - ResourceLoader instantiated: org.apache.velocity.runtime.resource.loader.ClasspathResourceLoader
2011-05-29 18:24:16,812 - ClasspathResourceLoader : initialization complete.
2011-05-29 18:24:16,824 - ResourceCache: initialized (class org.apache.velocity.runtime.resource.ResourceCacheImpl)
2011-05-29 18:24:16,825 - Default ResourceManager initialization complete.
2011-05-29 18:24:16,826 - Loaded System Directive: org.apache.velocity.runtime.directive.Literal
2011-05-29 18:24:16,827 - Loaded System Directive: org.apache.velocity.runtime.directive.Macro
2011-05-29 18:24:16,829 - Loaded System Directive: org.apache.velocity.runtime.directive.Parse
2011-05-29 18:24:16,830 - Loaded System Directive: org.apache.velocity.runtime.directive.Include
2011-05-29 18:24:16,831 - Loaded System Directive: org.apache.velocity.runtime.directive.Foreach
2011-05-29 18:24:16,861 - Created '20' parsers.
2011-05-29 18:24:16,867 - Velocimacro : initialization starting.
2011-05-29 18:24:16,867 - Velocimacro : "velocimacro.library" is not set.  Trying default library: VM_global_library.vm
2011-05-29 18:24:16,868 - Velocimacro : Default library not found.
2011-05-29 18:24:16,868 - Velocimacro : allowInline = true : VMs can be defined inline in templates
2011-05-29 18:24:16,868 - Velocimacro : allowInlineToOverride = false : VMs defined inline may NOT replace previous VM definitions
2011-05-29 18:24:16,868 - Velocimacro : allowInlineLocal = false : VMs defined inline will be global in scope if allowed.
2011-05-29 18:24:16,868 - Velocimacro : autoload off : VM system will not automatically reload global library macros
2011-05-29 18:24:16,868 - Velocimacro : Velocimacro : initialization complete.
2011-05-29 18:24:16,868 - RuntimeInstance successfully initialized.
2011-05-29 18:24:16,880 - Velocimacro : added #mixedcase(  name ) : source = class.vm
2011-05-29 18:24:16,880 - Velocimacro : added #lowercase(  name ) : source = class.vm
2011-05-29 18:24:16,881 - Velocimacro : added #uppercase(  name ) : source = class.vm
2011-05-29 18:24:16,884 - Velocimacro : added #comment(  indent name ) : source = class.vm
2011-05-29 18:24:16,884 - Velocimacro : added #debug(  text ) : source = class.vm
2011-05-29 18:24:16,906 - ResourceManager : found class.vm with loader org.apache.velocity.runtime.resource.loader.ClasspathResourceLoader
2011-05-29 18:24:16,929 - Left side ($name.getComment().lenght) of '>' operation has null value. Operation not possible. class.vm [line 1, column 32]
2011-05-29 18:24:16,952 - RHS of #set statement is null. Context will not be modified. class.vm [line 64, column 1]
2011-05-29 18:24:16,952 - RHS of #set statement is null. Context will not be modified. class.vm [line 64, column 1]
2011-05-29 18:24:16,953 - RHS of #set statement is null. Context will not be modified. class.vm [line 64, column 1]
2011-05-29 18:24:16,953 - RHS of #set statement is null. Context will not be modified. class.vm [line 64, column 1]
2011-05-29 18:24:16,955 - RHS of #set statement is null. Context will not be modified. class.vm [line 91, column 1]
2011-05-29 18:24:16,955 - RHS of #set statement is null. Context will not be modified. class.vm [line 91, column 1]
2011-05-29 18:24:16,955 - RHS of #set statement is null. Context will not be modified. class.vm [line 91, column 1]
2011-05-29 18:24:16,955 - RHS of #set statement is null. Context will not be modified. class.vm [line 91, column 1]
2011-05-29 18:24:16,957 - Left side ($name.getComment().lenght) of '>' operation has null value. Operation not possible. class.vm [line 1, column 32]
2011-05-29 18:24:16,959 - RHS of #set statement is null. Context will not be modified. class.vm [line 64, column 1]
2011-05-29 18:24:16,959 - RHS of #set statement is null. Context will not be modified. class.vm [line 64, column 1]
2011-05-29 18:24:16,959 - RHS of #set statement is null. Context will not be modified. class.vm [line 64, column 1]
2011-05-29 18:24:16,960 - RHS of #set statement is null. Context will not be modified. class.vm [line 64, column 1]
2011-05-29 18:24:16,960 - RHS of #set statement is null. Context will not be modified. class.vm [line 91, column 1]
2011-05-29 18:24:16,961 - RHS of #set statement is null. Context will not be modified. class.vm [line 91, column 1]
2011-05-29 18:24:16,961 - RHS of #set statement is null. Context will not be modified. class.vm [line 91, column 1]
2011-05-29 18:24:16,961 - RHS of #set statement is null. Context will not be modified. class.vm [line 91, column 1]
2011-05-29 18:24:16,962 - Left side ($name.getComment().lenght) of '>' operation has null value. Operation not possible. class.vm [line 1, column 32]
2011-05-29 18:24:16,964 - RHS of #set statement is null. Context will not be modified. class.vm [line 64, column 1]
2011-05-29 18:24:16,964 - Null reference [template 'class.vm', line 69, column 35] : ${classname} cannot be resolved.
2011-05-29 18:24:16,964 - RHS of #set statement is null. Context will not be modified. class.vm [line 64, column 1]
2011-05-29 18:24:16,965 - Null reference [template 'class.vm', line 69, column 35] : ${classname} cannot be resolved.
2011-05-29 18:24:16,965 - RHS of #set statement is null. Context will not be modified. class.vm [line 64, column 1]
2011-05-29 18:24:16,965 - Null reference [template 'class.vm', line 69, column 35] : ${classname} cannot be resolved.
2011-05-29 18:24:16,965 - RHS of #set statement is null. Context will not be modified. class.vm [line 64, column 1]
2011-05-29 18:24:16,965 - Null reference [template 'class.vm', line 69, column 35] : ${classname} cannot be resolved.
2011-05-29 18:24:16,966 - RHS of #set statement is null. Context will not be modified. class.vm [line 91, column 1]
2011-05-29 18:24:16,966 - RHS of #set statement is null. Context will not be modified. class.vm [line 91, column 1]
2011-05-29 18:24:16,966 - RHS of #set statement is null. Context will not be modified. class.vm [line 91, column 1]
2011-05-29 18:24:16,966 - RHS of #set statement is null. Context will not be modified. class.vm [line 91, column 1]
2011-05-29 18:24:16,968 - Left side ($name.getComment().lenght) of '>' operation has null value. Operation not possible. class.vm [line 1, column 32]
2011-05-29 18:24:16,971 - RHS of #set statement is null. Context will not be modified. class.vm [line 64, column 1]
2011-05-29 18:24:16,971 - RHS of #set statement is null. Context will not be modified. class.vm [line 64, column 1]
2011-05-29 18:24:16,972 - RHS of #set statement is null. Context will not be modified. class.vm [line 64, column 1]
2011-05-29 18:24:16,972 - RHS of #set statement is null. Context will not be modified. class.vm [line 64, column 1]
2011-05-29 18:24:16,973 - RHS of #set statement is null. Context will not be modified. class.vm [line 91, column 1]
2011-05-29 18:24:16,973 - RHS of #set statement is null. Context will not be modified. class.vm [line 91, column 1]
2011-05-29 18:24:16,973 - RHS of #set statement is null. Context will not be modified. class.vm [line 91, column 1]
2011-05-29 18:24:16,973 - RHS of #set statement is null. Context will not be modified. class.vm [line 91, column 1]
2011-05-29 18:24:16,975 - Left side ($name.getComment().lenght) of '>' operation has null value. Operation not possible. class.vm [line 1, column 32]
2011-05-29 18:24:16,976 - RHS of #set statement is null. Context will not be modified. class.vm [line 64, column 1]
2011-05-29 18:24:16,977 - RHS of #set statement is null. Context will not be modified. class.vm [line 64, column 1]
2011-05-29 18:24:16,977 - RHS of #set statement is null. Context will not be modified. class.vm [line 64, column 1]
2011-05-29 18:24:16,977 - RHS of #set statement is null. Context will not be modified. class.vm [line 64, column 1]
2011-05-29 18:24:16,978 - RHS of #set statement is null. Context will not be modified. class.vm [line 91, column 1]
2011-05-29 18:24:16,978 - RHS of #set statement is null. Context will not be modified. class.vm [line 91, column 1]
2011-05-29 18:24:16,978 - RHS of #set statement is null. Context will not be modified. class.vm [line 91, column 1]
2011-05-29 18:24:16,979 - RHS of #set statement is null. Context will not be modified. class.vm [line 91, column 1]
2011-05-29 18:24:16,980 - Left side ($name.getComment().lenght) of '>' operation has null value. Operation not possible. class.vm [line 1, column 32]
2011-05-29 18:24:16,983 - Left side ($name.getComment().lenght) of '>' operation has null value. Operation not possible. class.vm [line 1, column 32]
2011-05-29 18:24:16,984 - RHS of #set statement is null. Context will not be modified. class.vm [line 64, column 1]
2011-05-29 18:24:16,985 - Null reference [template 'class.vm', line 69, column 35] : ${classname} cannot be resolved.
2011-05-29 18:24:16,985 - RHS of #set statement is null. Context will not be modified. class.vm [line 64, column 1]
2011-05-29 18:24:16,985 - Null reference [template 'class.vm', line 69, column 35] : ${classname} cannot be resolved.
2011-05-29 18:24:16,985 - RHS of #set statement is null. Context will not be modified. class.vm [line 64, column 1]
2011-05-29 18:24:16,986 - Null reference [template 'class.vm', line 69, column 35] : ${classname} cannot be resolved.
2011-05-29 18:24:16,986 - RHS of #set statement is null. Context will not be modified. class.vm [line 64, column 1]
2011-05-29 18:24:16,986 - Null reference [template 'class.vm', line 69, column 35] : ${classname} cannot be resolved.
2011-05-29 18:24:16,986 - RHS of #set statement is null. Context will not be modified. class.vm [line 91, column 1]
2011-05-29 18:24:16,987 - RHS of #set statement is null. Context will not be modified. class.vm [line 91, column 1]
2011-05-29 18:24:16,987 - RHS of #set statement is null. Context will not be modified. class.vm [line 91, column 1]
2011-05-29 18:24:16,987 - RHS of #set statement is null. Context will not be modified. class.vm [line 91, column 1]
2011-05-29 18:24:16,988 - Left side ($name.getComment().lenght) of '>' operation has null value. Operation not possible. class.vm [line 1, column 32]
2011-05-29 18:24:16,990 - RHS of #set statement is null. Context will not be modified. class.vm [line 64, column 1]
2011-05-29 18:24:16,991 - RHS of #set statement is null. Context will not be modified. class.vm [line 64, column 1]
2011-05-29 18:24:16,991 - RHS of #set statement is null. Context will not be modified. class.vm [line 64, column 1]
2011-05-29 18:24:16,991 - RHS of #set statement is null. Context will not be modified. class.vm [line 64, column 1]
2011-05-29 18:24:16,992 - RHS of #set statement is null. Context will not be modified. class.vm [line 91, column 1]
2011-05-29 18:24:16,992 - RHS of #set statement is null. Context will not be modified. class.vm [line 91, column 1]
2011-05-29 18:24:16,992 - RHS of #set statement is null. Context will not be modified. class.vm [line 91, column 1]
2011-05-29 18:24:16,993 - RHS of #set statement is null. Context will not be modified. class.vm [line 91, column 1]
2011-05-29 18:24:16,994 - Left side ($name.getComment().lenght) of '>' operation has null value. Operation not possible. class.vm [line 1, column 32]
2011-05-29 18:24:16,995 - Left side ($name.getComment().lenght) of '>' operation has null value. Operation not possible. class.vm [line 1, column 32]
2011-05-29 18:24:16,997 - Left side ($name.getComment().lenght) of '>' operation has null value. Operation not possible. class.vm [line 1, column 32]
2011-05-29 18:24:16,998 - Left side ($name.getComment().lenght) of '>' operation has null value. Operation not possible. class.vm [line 1, column 32]
2011-05-29 18:24:16,999 - RHS of #set statement is null. Context will not be modified. class.vm [line 64, column 1]
2011-05-29 18:24:16,999 - Null reference [template 'class.vm', line 69, column 35] : ${classname} cannot be resolved.
2011-05-29 18:24:17,000 - RHS of #set statement is null. Context will not be modified. class.vm [line 64, column 1]
2011-05-29 18:24:17,000 - Null reference [template 'class.vm', line 69, column 35] : ${classname} cannot be resolved.
2011-05-29 18:24:17,000 - RHS of #set statement is null. Context will not be modified. class.vm [line 64, column 1]
2011-05-29 18:24:17,000 - Null reference [template 'class.vm', line 69, column 35] : ${classname} cannot be resolved.
2011-05-29 18:24:17,001 - RHS of #set statement is null. Context will not be modified. class.vm [line 64, column 1]
2011-05-29 18:24:17,001 - Null reference [template 'class.vm', line 69, column 35] : ${classname} cannot be resolved.
2011-05-29 18:24:17,001 - RHS of #set statement is null. Context will not be modified. class.vm [line 91, column 1]
2011-05-29 18:24:17,001 - RHS of #set statement is null. Context will not be modified. class.vm [line 91, column 1]
2011-05-29 18:24:17,002 - RHS of #set statement is null. Context will not be modified. class.vm [line 91, column 1]
2011-05-29 18:24:17,002 - RHS of #set statement is null. Context will not be modified. class.vm [line 91, column 1]
2011-05-29 18:24:17,003 - Left side ($name.getComment().lenght) of '>' operation has null value. Operation not possible. class.vm [line 1, column 32]
2011-05-29 18:24:17,010 - RHS of #set statement is null. Context will not be modified. class.vm [line 64, column 1]
2011-05-29 18:24:17,010 - RHS of #set statement is null. Context will not be modified. class.vm [line 64, column 1]
2011-05-29 18:24:17,011 - RHS of #set statement is null. Context will not be modified. class.vm [line 64, column 1]
2011-05-29 18:24:17,011 - RHS of #set statement is null. Context will not be modified. class.vm [line 64, column 1]
2011-05-29 18:24:17,012 - RHS of #set statement is null. Context will not be modified. class.vm [line 91, column 1]
2011-05-29 18:24:17,013 - RHS of #set statement is null. Context will not be modified. class.vm [line 91, column 1]
2011-05-29 18:24:17,013 - RHS of #set statement is null. Context will not be modified. class.vm [line 91, column 1]
2011-05-29 18:24:17,013 - RHS of #set statement is null. Context will not be modified. class.vm [line 91, column 1]
2011-05-29 18:24:17,015 - Left side ($name.getComment().lenght) of '>' operation has null value. Operation not possible. class.vm [line 1, column 32]
2011-05-29 18:24:17,016 - Left side ($name.getComment().lenght) of '>' operation has null value. Operation not possible. class.vm [line 1, column 32]
2011-05-29 18:24:17,017 - RHS of #set statement is null. Context will not be modified. class.vm [line 64, column 1]
2011-05-29 18:24:17,018 - Null reference [template 'class.vm', line 69, column 35] : ${classname} cannot be resolved.
2011-05-29 18:24:17,018 - RHS of #set statement is null. Context will not be modified. class.vm [line 64, column 1]
2011-05-29 18:24:17,018 - Null reference [template 'class.vm', line 69, column 35] : ${classname} cannot be resolved.
2011-05-29 18:24:17,018 - RHS of #set statement is null. Context will not be modified. class.vm [line 64, column 1]
2011-05-29 18:24:17,019 - Null reference [template 'class.vm', line 69, column 35] : ${classname} cannot be resolved.
2011-05-29 18:24:17,019 - RHS of #set statement is null. Context will not be modified. class.vm [line 64, column 1]
2011-05-29 18:24:17,019 - Null reference [template 'class.vm', line 69, column 35] : ${classname} cannot be resolved.
2011-05-29 18:24:17,019 - RHS of #set statement is null. Context will not be modified. class.vm [line 91, column 1]
2011-05-29 18:24:17,020 - RHS of #set statement is null. Context will not be modified. class.vm [line 91, column 1]
2011-05-29 18:24:17,020 - RHS of #set statement is null. Context will not be modified. class.vm [line 91, column 1]
2011-05-29 18:24:17,020 - RHS of #set statement is null. Context will not be modified. class.vm [line 91, column 1]
2011-05-29 18:24:17,022 - Left side ($name.getComment().lenght) of '>' operation has null value. Operation not possible. class.vm [line 1, column 32]
2011-05-29 18:24:17,024 - RHS of #set statement is null. Context will not be modified. class.vm [line 64, column 1]
2011-05-29 18:24:17,025 - RHS of #set statement is null. Context will not be modified. class.vm [line 64, column 1]
2011-05-29 18:24:17,025 - RHS of #set statement is null. Context will not be modified. class.vm [line 64, column 1]
2011-05-29 18:24:17,025 - RHS of #set statement is null. Context will not be modified. class.vm [line 64, column 1]
2011-05-29 18:24:17,026 - RHS of #set statement is null. Context will not be modified. class.vm [line 91, column 1]
2011-05-29 18:24:17,026 - RHS of #set statement is null. Context will not be modified. class.vm [line 91, column 1]
2011-05-29 18:24:17,026 - RHS of #set statement is null. Context will not be modified. class.vm [line 91, column 1]
2011-05-29 18:24:17,027 - RHS of #set statement is null. Context will not be modified. class.vm [line 91, column 1]
2011-05-29 18:24:17,028 - Left side ($name.getComment().lenght) of '>' operation has null value. Operation not possible. class.vm [line 1, column 32]
2011-05-29 18:27:58,040 - SimpleLog4JLogSystem initialized using logfile 'velocity.log'
2011-05-29 18:27:58,041 - *******************************************************************
2011-05-29 18:27:58,041 - Starting Apache Velocity v1.5 (compiled: 2007-02-22 08:52:29)
2011-05-29 18:27:58,041 - RuntimeInstance initializing.
2011-05-29 18:27:58,041 - Default Properties File: org/apache/velocity/runtime/defaults/velocity.properties
2011-05-29 18:27:58,041 - Trying to use logger class org.apache.velocity.runtime.log.SimpleLog4JLogSystem
2011-05-29 18:27:58,041 - LogSystem has been deprecated. Please use a LogChute implementation.
2011-05-29 18:27:58,044 - Default ResourceManager initializing. (class org.apache.velocity.runtime.resource.ResourceManagerImpl)
2011-05-29 18:27:58,047 - ResourceLoader instantiated: org.apache.velocity.runtime.resource.loader.ClasspathResourceLoader
2011-05-29 18:27:58,049 - ClasspathResourceLoader : initialization complete.
2011-05-29 18:27:58,069 - ResourceCache: initialized (class org.apache.velocity.runtime.resource.ResourceCacheImpl)
2011-05-29 18:27:58,069 - Default ResourceManager initialization complete.
2011-05-29 18:27:58,071 - Loaded System Directive: org.apache.velocity.runtime.directive.Literal
2011-05-29 18:27:58,073 - Loaded System Directive: org.apache.velocity.runtime.directive.Macro
2011-05-29 18:27:58,075 - Loaded System Directive: org.apache.velocity.runtime.directive.Parse
2011-05-29 18:27:58,077 - Loaded System Directive: org.apache.velocity.runtime.directive.Include
2011-05-29 18:27:58,078 - Loaded System Directive: org.apache.velocity.runtime.directive.Foreach
2011-05-29 18:27:58,125 - Created '20' parsers.
2011-05-29 18:27:58,135 - Velocimacro : initialization starting.
2011-05-29 18:27:58,135 - Velocimacro : "velocimacro.library" is not set.  Trying default library: VM_global_library.vm
2011-05-29 18:27:58,135 - Velocimacro : Default library not found.
2011-05-29 18:27:58,136 - Velocimacro : allowInline = true : VMs can be defined inline in templates
2011-05-29 18:27:58,136 - Velocimacro : allowInlineToOverride = false : VMs defined inline may NOT replace previous VM definitions
2011-05-29 18:27:58,136 - Velocimacro : allowInlineLocal = false : VMs defined inline will be global in scope if allowed.
2011-05-29 18:27:58,136 - Velocimacro : autoload off : VM system will not automatically reload global library macros
2011-05-29 18:27:58,136 - Velocimacro : Velocimacro : initialization complete.
2011-05-29 18:27:58,136 - RuntimeInstance successfully initialized.
2011-05-29 18:27:58,154 - Velocimacro : added #mixedcase(  name ) : source = class.vm
2011-05-29 18:27:58,155 - Velocimacro : added #lowercase(  name ) : source = class.vm
2011-05-29 18:27:58,155 - Velocimacro : added #uppercase(  name ) : source = class.vm
2011-05-29 18:27:58,159 - Velocimacro : added #comment(  indent name ) : source = class.vm
2011-05-29 18:27:58,160 - Velocimacro : added #debug(  text ) : source = class.vm
2011-05-29 18:27:58,192 - ResourceManager : found class.vm with loader org.apache.velocity.runtime.resource.loader.ClasspathResourceLoader
2011-05-29 18:27:58,226 - Left side ($name.getComment().lenght) of '>' operation has null value. Operation not possible. class.vm [line 1, column 32]
2011-05-29 18:27:58,254 - RHS of #set statement is null. Context will not be modified. class.vm [line 64, column 1]
2011-05-29 18:27:58,255 - RHS of #set statement is null. Context will not be modified. class.vm [line 64, column 1]
2011-05-29 18:27:58,256 - RHS of #set statement is null. Context will not be modified. class.vm [line 64, column 1]
2011-05-29 18:27:58,256 - RHS of #set statement is null. Context will not be modified. class.vm [line 64, column 1]
2011-05-29 18:27:58,258 - RHS of #set statement is null. Context will not be modified. class.vm [line 91, column 1]
2011-05-29 18:27:58,258 - RHS of #set statement is null. Context will not be modified. class.vm [line 91, column 1]
2011-05-29 18:27:58,258 - RHS of #set statement is null. Context will not be modified. class.vm [line 91, column 1]
2011-05-29 18:27:58,258 - RHS of #set statement is null. Context will not be modified. class.vm [line 91, column 1]
2011-05-29 18:27:58,259 - Left side ($name.getComment().lenght) of '>' operation has null value. Operation not possible. class.vm [line 1, column 32]
2011-05-29 18:27:58,260 - RHS of #set statement is null. Context will not be modified. class.vm [line 64, column 1]
2011-05-29 18:27:58,261 - RHS of #set statement is null. Context will not be modified. class.vm [line 64, column 1]
2011-05-29 18:27:58,261 - RHS of #set statement is null. Context will not be modified. class.vm [line 64, column 1]
2011-05-29 18:27:58,261 - RHS of #set statement is null. Context will not be modified. class.vm [line 64, column 1]
2011-05-29 18:27:58,261 - RHS of #set statement is null. Context will not be modified. class.vm [line 91, column 1]
2011-05-29 18:27:58,262 - RHS of #set statement is null. Context will not be modified. class.vm [line 91, column 1]
2011-05-29 18:27:58,262 - RHS of #set statement is null. Context will not be modified. class.vm [line 91, column 1]
2011-05-29 18:27:58,262 - RHS of #set statement is null. Context will not be modified. class.vm [line 91, column 1]
2011-05-29 18:27:58,263 - Left side ($name.getComment().lenght) of '>' operation has null value. Operation not possible. class.vm [line 1, column 32]
2011-05-29 18:27:58,264 - RHS of #set statement is null. Context will not be modified. class.vm [line 64, column 1]
2011-05-29 18:27:58,264 - Null reference [template 'class.vm', line 69, column 35] : ${classname} cannot be resolved.
2011-05-29 18:27:58,264 - RHS of #set statement is null. Context will not be modified. class.vm [line 64, column 1]
2011-05-29 18:27:58,264 - Null reference [template 'class.vm', line 69, column 35] : ${classname} cannot be resolved.
2011-05-29 18:27:58,264 - RHS of #set statement is null. Context will not be modified. class.vm [line 64, column 1]
2011-05-29 18:27:58,265 - Null reference [template 'class.vm', line 69, column 35] : ${classname} cannot be resolved.
2011-05-29 18:27:58,265 - RHS of #set statement is null. Context will not be modified. class.vm [line 64, column 1]
2011-05-29 18:27:58,265 - Null reference [template 'class.vm', line 69, column 35] : ${classname} cannot be resolved.
2011-05-29 18:27:58,265 - RHS of #set statement is null. Context will not be modified. class.vm [line 91, column 1]
2011-05-29 18:27:58,265 - RHS of #set statement is null. Context will not be modified. class.vm [line 91, column 1]
2011-05-29 18:27:58,265 - RHS of #set statement is null. Context will not be modified. class.vm [line 91, column 1]
2011-05-29 18:27:58,266 - RHS of #set statement is null. Context will not be modified. class.vm [line 91, column 1]
2011-05-29 18:27:58,266 - Left side ($name.getComment().lenght) of '>' operation has null value. Operation not possible. class.vm [line 1, column 32]
2011-05-29 18:27:58,268 - RHS of #set statement is null. Context will not be modified. class.vm [line 64, column 1]
2011-05-29 18:27:58,268 - RHS of #set statement is null. Context will not be modified. class.vm [line 64, column 1]
2011-05-29 18:27:58,269 - RHS of #set statement is null. Context will not be modified. class.vm [line 64, column 1]
2011-05-29 18:27:58,269 - RHS of #set statement is null. Context will not be modified. class.vm [line 64, column 1]
2011-05-29 18:27:58,269 - RHS of #set statement is null. Context will not be modified. class.vm [line 91, column 1]
2011-05-29 18:27:58,270 - RHS of #set statement is null. Context will not be modified. class.vm [line 91, column 1]
2011-05-29 18:27:58,270 - RHS of #set statement is null. Context will not be modified. class.vm [line 91, column 1]
2011-05-29 18:27:58,270 - RHS of #set statement is null. Context will not be modified. class.vm [line 91, column 1]
2011-05-29 18:27:58,271 - Left side ($name.getComment().lenght) of '>' operation has null value. Operation not possible. class.vm [line 1, column 32]
2011-05-29 18:27:58,272 - RHS of #set statement is null. Context will not be modified. class.vm [line 64, column 1]
2011-05-29 18:27:58,272 - RHS of #set statement is null. Context will not be modified. class.vm [line 64, column 1]
2011-05-29 18:27:58,272 - RHS of #set statement is null. Context will not be modified. class.vm [line 64, column 1]
2011-05-29 18:27:58,272 - RHS of #set statement is null. Context will not be modified. class.vm [line 64, column 1]
2011-05-29 18:27:58,273 - RHS of #set statement is null. Context will not be modified. class.vm [line 91, column 1]
2011-05-29 18:27:58,273 - RHS of #set statement is null. Context will not be modified. class.vm [line 91, column 1]
2011-05-29 18:27:58,273 - RHS of #set statement is null. Context will not be modified. class.vm [line 91, column 1]
2011-05-29 18:27:58,273 - RHS of #set statement is null. Context will not be modified. class.vm [line 91, column 1]
2011-05-29 18:27:58,274 - Left side ($name.getComment().lenght) of '>' operation has null value. Operation not possible. class.vm [line 1, column 32]
2011-05-29 18:27:58,277 - Left side ($name.getComment().lenght) of '>' operation has null value. Operation not possible. class.vm [line 1, column 32]
2011-05-29 18:27:58,279 - RHS of #set statement is null. Context will not be modified. class.vm [line 64, column 1]
2011-05-29 18:27:58,279 - Null reference [template 'class.vm', line 69, column 35] : ${classname} cannot be resolved.
2011-05-29 18:27:58,279 - RHS of #set statement is null. Context will not be modified. class.vm [line 64, column 1]
2011-05-29 18:27:58,279 - Null reference [template 'class.vm', line 69, column 35] : ${classname} cannot be resolved.
2011-05-29 18:27:58,280 - RHS of #set statement is null. Context will not be modified. class.vm [line 64, column 1]
2011-05-29 18:27:58,280 - Null reference [template 'class.vm', line 69, column 35] : ${classname} cannot be resolved.
2011-05-29 18:27:58,280 - RHS of #set statement is null. Context will not be modified. class.vm [line 64, column 1]
2011-05-29 18:27:58,280 - Null reference [template 'class.vm', line 69, column 35] : ${classname} cannot be resolved.
2011-05-29 18:27:58,280 - RHS of #set statement is null. Context will not be modified. class.vm [line 91, column 1]
2011-05-29 18:27:58,281 - RHS of #set statement is null. Context will not be modified. class.vm [line 91, column 1]
2011-05-29 18:27:58,281 - RHS of #set statement is null. Context will not be modified. class.vm [line 91, column 1]
2011-05-29 18:27:58,281 - RHS of #set statement is null. Context will not be modified. class.vm [line 91, column 1]
2011-05-29 18:27:58,282 - Left side ($name.getComment().lenght) of '>' operation has null value. Operation not possible. class.vm [line 1, column 32]
2011-05-29 18:27:58,284 - RHS of #set statement is null. Context will not be modified. class.vm [line 64, column 1]
2011-05-29 18:27:58,285 - RHS of #set statement is null. Context will not be modified. class.vm [line 64, column 1]
2011-05-29 18:27:58,285 - RHS of #set statement is null. Context will not be modified. class.vm [line 64, column 1]
2011-05-29 18:27:58,285 - RHS of #set statement is null. Context will not be modified. class.vm [line 64, column 1]
2011-05-29 18:27:58,286 - RHS of #set statement is null. Context will not be modified. class.vm [line 91, column 1]
2011-05-29 18:27:58,286 - RHS of #set statement is null. Context will not be modified. class.vm [line 91, column 1]
2011-05-29 18:27:58,286 - RHS of #set statement is null. Context will not be modified. class.vm [line 91, column 1]
2011-05-29 18:27:58,287 - RHS of #set statement is null. Context will not be modified. class.vm [line 91, column 1]
2011-05-29 18:27:58,288 - Left side ($name.getComment().lenght) of '>' operation has null value. Operation not possible. class.vm [line 1, column 32]
2011-05-29 18:27:58,289 - Left side ($name.getComment().lenght) of '>' operation has null value. Operation not possible. class.vm [line 1, column 32]
2011-05-29 18:27:58,290 - Left side ($name.getComment().lenght) of '>' operation has null value. Operation not possible. class.vm [line 1, column 32]
2011-05-29 18:27:58,291 - Left side ($name.getComment().lenght) of '>' operation has null value. Operation not possible. class.vm [line 1, column 32]
2011-05-29 18:27:58,293 - RHS of #set statement is null. Context will not be modified. class.vm [line 64, column 1]
2011-05-29 18:27:58,293 - Null reference [template 'class.vm', line 69, column 35] : ${classname} cannot be resolved.
2011-05-29 18:27:58,293 - RHS of #set statement is null. Context will not be modified. class.vm [line 64, column 1]
2011-05-29 18:27:58,293 - Null reference [template 'class.vm', line 69, column 35] : ${classname} cannot be resolved.
2011-05-29 18:27:58,294 - RHS of #set statement is null. Context will not be modified. class.vm [line 64, column 1]
2011-05-29 18:27:58,294 - Null reference [template 'class.vm', line 69, column 35] : ${classname} cannot be resolved.
2011-05-29 18:27:58,294 - RHS of #set statement is null. Context will not be modified. class.vm [line 64, column 1]
2011-05-29 18:27:58,294 - Null reference [template 'class.vm', line 69, column 35] : ${classname} cannot be resolved.
2011-05-29 18:27:58,294 - RHS of #set statement is null. Context will not be modified. class.vm [line 91, column 1]
2011-05-29 18:27:58,295 - RHS of #set statement is null. Context will not be modified. class.vm [line 91, column 1]
2011-05-29 18:27:58,295 - RHS of #set statement is null. Context will not be modified. class.vm [line 91, column 1]
2011-05-29 18:27:58,295 - RHS of #set statement is null. Context will not be modified. class.vm [line 91, column 1]
2011-05-29 18:27:58,296 - Left side ($name.getComment().lenght) of '>' operation has null value. Operation not possible. class.vm [line 1, column 32]
2011-05-29 18:27:58,303 - RHS of #set statement is null. Context will not be modified. class.vm [line 64, column 1]
2011-05-29 18:27:58,304 - RHS of #set statement is null. Context will not be modified. class.vm [line 64, column 1]
2011-05-29 18:27:58,304 - RHS of #set statement is null. Context will not be modified. class.vm [line 64, column 1]
2011-05-29 18:27:58,304 - RHS of #set statement is null. Context will not be modified. class.vm [line 64, column 1]
2011-05-29 18:27:58,306 - RHS of #set statement is null. Context will not be modified. class.vm [line 91, column 1]
2011-05-29 18:27:58,306 - RHS of #set statement is null. Context will not be modified. class.vm [line 91, column 1]
2011-05-29 18:27:58,306 - RHS of #set statement is null. Context will not be modified. class.vm [line 91, column 1]
2011-05-29 18:27:58,307 - RHS of #set statement is null. Context will not be modified. class.vm [line 91, column 1]
2011-05-29 18:27:58,308 - Left side ($name.getComment().lenght) of '>' operation has null value. Operation not possible. class.vm [line 1, column 32]
2011-05-29 18:27:58,309 - Left side ($name.getComment().lenght) of '>' operation has null value. Operation not possible. class.vm [line 1, column 32]
2011-05-29 18:27:58,310 - RHS of #set statement is null. Context will not be modified. class.vm [line 64, column 1]
2011-05-29 18:27:58,310 - Null reference [template 'class.vm', line 69, column 35] : ${classname} cannot be resolved.
2011-05-29 18:27:58,311 - RHS of #set statement is null. Context will not be modified. class.vm [line 64, column 1]
2011-05-29 18:27:58,311 - Null reference [template 'class.vm', line 69, column 35] : ${classname} cannot be resolved.
2011-05-29 18:27:58,311 - RHS of #set statement is null. Context will not be modified. class.vm [line 64, column 1]
2011-05-29 18:27:58,311 - Null reference [template 'class.vm', line 69, column 35] : ${classname} cannot be resolved.
2011-05-29 18:27:58,311 - RHS of #set statement is null. Context will not be modified. class.vm [line 64, column 1]
2011-05-29 18:27:58,312 - Null reference [template 'class.vm', line 69, column 35] : ${classname} cannot be resolved.
2011-05-29 18:27:58,312 - RHS of #set statement is null. Context will not be modified. class.vm [line 91, column 1]
2011-05-29 18:27:58,312 - RHS of #set statement is null. Context will not be modified. class.vm [line 91, column 1]
2011-05-29 18:27:58,312 - RHS of #set statement is null. Context will not be modified. class.vm [line 91, column 1]
2011-05-29 18:27:58,313 - RHS of #set statement is null. Context will not be modified. class.vm [line 91, column 1]
2011-05-29 18:27:58,314 - Left side ($name.getComment().lenght) of '>' operation has null value. Operation not possible. class.vm [line 1, column 32]
2011-05-29 18:27:58,317 - RHS of #set statement is null. Context will not be modified. class.vm [line 64, column 1]
2011-05-29 18:27:58,317 - RHS of #set statement is null. Context will not be modified. class.vm [line 64, column 1]
2011-05-29 18:27:58,317 - RHS of #set statement is null. Context will not be modified. class.vm [line 64, column 1]
2011-05-29 18:27:58,317 - RHS of #set statement is null. Context will not be modified. class.vm [line 64, column 1]
2011-05-29 18:27:58,318 - RHS of #set statement is null. Context will not be modified. class.vm [line 91, column 1]
2011-05-29 18:27:58,318 - RHS of #set statement is null. Context will not be modified. class.vm [line 91, column 1]
2011-05-29 18:27:58,319 - RHS of #set statement is null. Context will not be modified. class.vm [line 91, column 1]
2011-05-29 18:27:58,319 - RHS of #set statement is null. Context will not be modified. class.vm [line 91, column 1]
2011-05-29 18:27:58,320 - Left side ($name.getComment().lenght) of '>' operation has null value. Operation not possible. class.vm [line 1, column 32]
2011-05-29 18:28:25,150 - SimpleLog4JLogSystem initialized using logfile 'velocity.log'
2011-05-29 18:28:25,151 - *******************************************************************
2011-05-29 18:28:25,151 - Starting Apache Velocity v1.5 (compiled: 2007-02-22 08:52:29)
2011-05-29 18:28:25,151 - RuntimeInstance initializing.
2011-05-29 18:28:25,151 - Default Properties File: org/apache/velocity/runtime/defaults/velocity.properties
2011-05-29 18:28:25,151 - Trying to use logger class org.apache.velocity.runtime.log.SimpleLog4JLogSystem
2011-05-29 18:28:25,151 - LogSystem has been deprecated. Please use a LogChute implementation.
2011-05-29 18:28:25,154 - Default ResourceManager initializing. (class org.apache.velocity.runtime.resource.ResourceManagerImpl)
2011-05-29 18:28:25,156 - ResourceLoader instantiated: org.apache.velocity.runtime.resource.loader.ClasspathResourceLoader
2011-05-29 18:28:25,157 - ClasspathResourceLoader : initialization complete.
2011-05-29 18:28:25,170 - ResourceCache: initialized (class org.apache.velocity.runtime.resource.ResourceCacheImpl)
2011-05-29 18:28:25,170 - Default ResourceManager initialization complete.
2011-05-29 18:28:25,171 - Loaded System Directive: org.apache.velocity.runtime.directive.Literal
2011-05-29 18:28:25,173 - Loaded System Directive: org.apache.velocity.runtime.directive.Macro
2011-05-29 18:28:25,174 - Loaded System Directive: org.apache.velocity.runtime.directive.Parse
2011-05-29 18:28:25,175 - Loaded System Directive: org.apache.velocity.runtime.directive.Include
2011-05-29 18:28:25,176 - Loaded System Directive: org.apache.velocity.runtime.directive.Foreach
2011-05-29 18:28:25,208 - Created '20' parsers.
2011-05-29 18:28:25,215 - Velocimacro : initialization starting.
2011-05-29 18:28:25,215 - Velocimacro : "velocimacro.library" is not set.  Trying default library: VM_global_library.vm
2011-05-29 18:28:25,215 - Velocimacro : Default library not found.
2011-05-29 18:28:25,215 - Velocimacro : allowInline = true : VMs can be defined inline in templates
2011-05-29 18:28:25,216 - Velocimacro : allowInlineToOverride = false : VMs defined inline may NOT replace previous VM definitions
2011-05-29 18:28:25,216 - Velocimacro : allowInlineLocal = false : VMs defined inline will be global in scope if allowed.
2011-05-29 18:28:25,216 - Velocimacro : autoload off : VM system will not automatically reload global library macros
2011-05-29 18:28:25,216 - Velocimacro : Velocimacro : initialization complete.
2011-05-29 18:28:25,216 - RuntimeInstance successfully initialized.
2011-05-29 18:28:25,228 - Velocimacro : added #mixedcase(  name ) : source = class.vm
2011-05-29 18:28:25,229 - Velocimacro : added #lowercase(  name ) : source = class.vm
2011-05-29 18:28:25,229 - Velocimacro : added #uppercase(  name ) : source = class.vm
2011-05-29 18:28:25,232 - Velocimacro : added #comment(  indent name ) : source = class.vm
2011-05-29 18:28:25,233 - Velocimacro : added #debug(  text ) : source = class.vm
2011-05-29 18:28:25,260 - ResourceManager : found class.vm with loader org.apache.velocity.runtime.resource.loader.ClasspathResourceLoader
2011-05-29 18:28:25,287 - Left side ($name.getComment().lenght) of '>' operation has null value. Operation not possible. class.vm [line 1, column 32]
2011-05-29 18:28:25,308 - RHS of #set statement is null. Context will not be modified. class.vm [line 64, column 1]
2011-05-29 18:28:25,309 - RHS of #set statement is null. Context will not be modified. class.vm [line 64, column 1]
2011-05-29 18:28:25,309 - RHS of #set statement is null. Context will not be modified. class.vm [line 64, column 1]
2011-05-29 18:28:25,309 - RHS of #set statement is null. Context will not be modified. class.vm [line 64, column 1]
2011-05-29 18:28:25,311 - RHS of #set statement is null. Context will not be modified. class.vm [line 91, column 1]
2011-05-29 18:28:25,311 - RHS of #set statement is null. Context will not be modified. class.vm [line 91, column 1]
2011-05-29 18:28:25,311 - RHS of #set statement is null. Context will not be modified. class.vm [line 91, column 1]
2011-05-29 18:28:25,311 - RHS of #set statement is null. Context will not be modified. class.vm [line 91, column 1]
2011-05-29 18:28:25,312 - Left side ($name.getComment().lenght) of '>' operation has null value. Operation not possible. class.vm [line 1, column 32]
2011-05-29 18:28:25,313 - RHS of #set statement is null. Context will not be modified. class.vm [line 64, column 1]
2011-05-29 18:28:25,314 - RHS of #set statement is null. Context will not be modified. class.vm [line 64, column 1]
2011-05-29 18:28:25,314 - RHS of #set statement is null. Context will not be modified. class.vm [line 64, column 1]
2011-05-29 18:28:25,314 - RHS of #set statement is null. Context will not be modified. class.vm [line 64, column 1]
2011-05-29 18:28:25,314 - RHS of #set statement is null. Context will not be modified. class.vm [line 91, column 1]
2011-05-29 18:28:25,315 - RHS of #set statement is null. Context will not be modified. class.vm [line 91, column 1]
2011-05-29 18:28:25,315 - RHS of #set statement is null. Context will not be modified. class.vm [line 91, column 1]
2011-05-29 18:28:25,315 - RHS of #set statement is null. Context will not be modified. class.vm [line 91, column 1]
2011-05-29 18:28:25,316 - Left side ($name.getComment().lenght) of '>' operation has null value. Operation not possible. class.vm [line 1, column 32]
2011-05-29 18:28:25,317 - RHS of #set statement is null. Context will not be modified. class.vm [line 64, column 1]
2011-05-29 18:28:25,317 - Null reference [template 'class.vm', line 69, column 35] : ${classname} cannot be resolved.
2011-05-29 18:28:25,317 - RHS of #set statement is null. Context will not be modified. class.vm [line 64, column 1]
2011-05-29 18:28:25,317 - Null reference [template 'class.vm', line 69, column 35] : ${classname} cannot be resolved.
2011-05-29 18:28:25,317 - RHS of #set statement is null. Context will not be modified. class.vm [line 64, column 1]
2011-05-29 18:28:25,317 - Null reference [template 'class.vm', line 69, column 35] : ${classname} cannot be resolved.
2011-05-29 18:28:25,317 - RHS of #set statement is null. Context will not be modified. class.vm [line 64, column 1]
2011-05-29 18:28:25,318 - Null reference [template 'class.vm', line 69, column 35] : ${classname} cannot be resolved.
2011-05-29 18:28:25,318 - RHS of #set statement is null. Context will not be modified. class.vm [line 91, column 1]
2011-05-29 18:28:25,318 - RHS of #set statement is null. Context will not be modified. class.vm [line 91, column 1]
2011-05-29 18:28:25,318 - RHS of #set statement is null. Context will not be modified. class.vm [line 91, column 1]
2011-05-29 18:28:25,318 - RHS of #set statement is null. Context will not be modified. class.vm [line 91, column 1]
2011-05-29 18:28:25,319 - Left side ($name.getComment().lenght) of '>' operation has null value. Operation not possible. class.vm [line 1, column 32]
2011-05-29 18:28:25,321 - RHS of #set statement is null. Context will not be modified. class.vm [line 64, column 1]
2011-05-29 18:28:25,321 - RHS of #set statement is null. Context will not be modified. class.vm [line 64, column 1]
2011-05-29 18:28:25,322 - RHS of #set statement is null. Context will not be modified. class.vm [line 64, column 1]
2011-05-29 18:28:25,322 - RHS of #set statement is null. Context will not be modified. class.vm [line 64, column 1]
2011-05-29 18:28:25,322 - RHS of #set statement is null. Context will not be modified. class.vm [line 91, column 1]
2011-05-29 18:28:25,322 - RHS of #set statement is null. Context will not be modified. class.vm [line 91, column 1]
2011-05-29 18:28:25,323 - RHS of #set statement is null. Context will not be modified. class.vm [line 91, column 1]
2011-05-29 18:28:25,323 - RHS of #set statement is null. Context will not be modified. class.vm [line 91, column 1]
2011-05-29 18:28:25,323 - Left side ($name.getComment().lenght) of '>' operation has null value. Operation not possible. class.vm [line 1, column 32]
2011-05-29 18:28:25,324 - RHS of #set statement is null. Context will not be modified. class.vm [line 64, column 1]
2011-05-29 18:28:25,325 - RHS of #set statement is null. Context will not be modified. class.vm [line 64, column 1]
2011-05-29 18:28:25,325 - RHS of #set statement is null. Context will not be modified. class.vm [line 64, column 1]
2011-05-29 18:28:25,325 - RHS of #set statement is null. Context will not be modified. class.vm [line 64, column 1]
2011-05-29 18:28:25,325 - RHS of #set statement is null. Context will not be modified. class.vm [line 91, column 1]
2011-05-29 18:28:25,326 - RHS of #set statement is null. Context will not be modified. class.vm [line 91, column 1]
2011-05-29 18:28:25,326 - RHS of #set statement is null. Context will not be modified. class.vm [line 91, column 1]
2011-05-29 18:28:25,326 - RHS of #set statement is null. Context will not be modified. class.vm [line 91, column 1]
2011-05-29 18:28:25,327 - Left side ($name.getComment().lenght) of '>' operation has null value. Operation not possible. class.vm [line 1, column 32]
2011-05-29 18:28:25,329 - Left side ($name.getComment().lenght) of '>' operation has null value. Operation not possible. class.vm [line 1, column 32]
2011-05-29 18:28:25,330 - RHS of #set statement is null. Context will not be modified. class.vm [line 64, column 1]
2011-05-29 18:28:25,330 - Null reference [template 'class.vm', line 69, column 35] : ${classname} cannot be resolved.
2011-05-29 18:28:25,330 - RHS of #set statement is null. Context will not be modified. class.vm [line 64, column 1]
2011-05-29 18:28:25,331 - Null reference [template 'class.vm', line 69, column 35] : ${classname} cannot be resolved.
2011-05-29 18:28:25,331 - RHS of #set statement is null. Context will not be modified. class.vm [line 64, column 1]
2011-05-29 18:28:25,331 - Null reference [template 'class.vm', line 69, column 35] : ${classname} cannot be resolved.
2011-05-29 18:28:25,331 - RHS of #set statement is null. Context will not be modified. class.vm [line 64, column 1]
2011-05-29 18:28:25,331 - Null reference [template 'class.vm', line 69, column 35] : ${classname} cannot be resolved.
2011-05-29 18:28:25,332 - RHS of #set statement is null. Context will not be modified. class.vm [line 91, column 1]
2011-05-29 18:28:25,332 - RHS of #set statement is null. Context will not be modified. class.vm [line 91, column 1]
2011-05-29 18:28:25,332 - RHS of #set statement is null. Context will not be modified. class.vm [line 91, column 1]
2011-05-29 18:28:25,333 - RHS of #set statement is null. Context will not be modified. class.vm [line 91, column 1]
2011-05-29 18:28:25,333 - Left side ($name.getComment().lenght) of '>' operation has null value. Operation not possible. class.vm [line 1, column 32]
2011-05-29 18:28:25,335 - RHS of #set statement is null. Context will not be modified. class.vm [line 64, column 1]
2011-05-29 18:28:25,336 - RHS of #set statement is null. Context will not be modified. class.vm [line 64, column 1]
2011-05-29 18:28:25,336 - RHS of #set statement is null. Context will not be modified. class.vm [line 64, column 1]
2011-05-29 18:28:25,336 - RHS of #set statement is null. Context will not be modified. class.vm [line 64, column 1]
2011-05-29 18:28:25,337 - RHS of #set statement is null. Context will not be modified. class.vm [line 91, column 1]
2011-05-29 18:28:25,337 - RHS of #set statement is null. Context will not be modified. class.vm [line 91, column 1]
2011-05-29 18:28:25,338 - RHS of #set statement is null. Context will not be modified. class.vm [line 91, column 1]
2011-05-29 18:28:25,338 - RHS of #set statement is null. Context will not be modified. class.vm [line 91, column 1]
2011-05-29 18:28:25,339 - Left side ($name.getComment().lenght) of '>' operation has null value. Operation not possible. class.vm [line 1, column 32]
2011-05-29 18:28:25,340 - Left side ($name.getComment().lenght) of '>' operation has null value. Operation not possible. class.vm [line 1, column 32]
2011-05-29 18:28:25,341 - Left side ($name.getComment().lenght) of '>' operation has null value. Operation not possible. class.vm [line 1, column 32]
2011-05-29 18:28:25,342 - Left side ($name.getComment().lenght) of '>' operation has null value. Operation not possible. class.vm [line 1, column 32]
2011-05-29 18:28:25,343 - RHS of #set statement is null. Context will not be modified. class.vm [line 64, column 1]
2011-05-29 18:28:25,344 - Null reference [template 'class.vm', line 69, column 35] : ${classname} cannot be resolved.
2011-05-29 18:28:25,344 - RHS of #set statement is null. Context will not be modified. class.vm [line 64, column 1]
2011-05-29 18:28:25,344 - Null reference [template 'class.vm', line 69, column 35] : ${classname} cannot be resolved.
2011-05-29 18:28:25,344 - RHS of #set statement is null. Context will not be modified. class.vm [line 64, column 1]
2011-05-29 18:28:25,345 - Null reference [template 'class.vm', line 69, column 35] : ${classname} cannot be resolved.
2011-05-29 18:28:25,345 - RHS of #set statement is null. Context will not be modified. class.vm [line 64, column 1]
2011-05-29 18:28:25,345 - Null reference [template 'class.vm', line 69, column 35] : ${classname} cannot be resolved.
2011-05-29 18:28:25,345 - RHS of #set statement is null. Context will not be modified. class.vm [line 91, column 1]
2011-05-29 18:28:25,346 - RHS of #set statement is null. Context will not be modified. class.vm [line 91, column 1]
2011-05-29 18:28:25,346 - RHS of #set statement is null. Context will not be modified. class.vm [line 91, column 1]
2011-05-29 18:28:25,346 - RHS of #set statement is null. Context will not be modified. class.vm [line 91, column 1]
2011-05-29 18:28:25,347 - Left side ($name.getComment().lenght) of '>' operation has null value. Operation not possible. class.vm [line 1, column 32]
2011-05-29 18:28:25,354 - RHS of #set statement is null. Context will not be modified. class.vm [line 64, column 1]
2011-05-29 18:28:25,355 - RHS of #set statement is null. Context will not be modified. class.vm [line 64, column 1]
2011-05-29 18:28:25,355 - RHS of #set statement is null. Context will not be modified. class.vm [line 64, column 1]
2011-05-29 18:28:25,355 - RHS of #set statement is null. Context will not be modified. class.vm [line 64, column 1]
2011-05-29 18:28:25,357 - RHS of #set statement is null. Context will not be modified. class.vm [line 91, column 1]
2011-05-29 18:28:25,357 - RHS of #set statement is null. Context will not be modified. class.vm [line 91, column 1]
2011-05-29 18:28:25,357 - RHS of #set statement is null. Context will not be modified. class.vm [line 91, column 1]
2011-05-29 18:28:25,358 - RHS of #set statement is null. Context will not be modified. class.vm [line 91, column 1]
2011-05-29 18:28:25,359 - Left side ($name.getComment().lenght) of '>' operation has null value. Operation not possible. class.vm [line 1, column 32]
2011-05-29 18:28:25,360 - Left side ($name.getComment().lenght) of '>' operation has null value. Operation not possible. class.vm [line 1, column 32]
2011-05-29 18:28:25,361 - RHS of #set statement is null. Context will not be modified. class.vm [line 64, column 1]
2011-05-29 18:28:25,361 - Null reference [template 'class.vm', line 69, column 35] : ${classname} cannot be resolved.
2011-05-29 18:28:25,361 - RHS of #set statement is null. Context will not be modified. class.vm [line 64, column 1]
2011-05-29 18:28:25,362 - Null reference [template 'class.vm', line 69, column 35] : ${classname} cannot be resolved.
2011-05-29 18:28:25,362 - RHS of #set statement is null. Context will not be modified. class.vm [line 64, column 1]
2011-05-29 18:28:25,362 - Null reference [template 'class.vm', line 69, column 35] : ${classname} cannot be resolved.
2011-05-29 18:28:25,362 - RHS of #set statement is null. Context will not be modified. class.vm [line 64, column 1]
2011-05-29 18:28:25,362 - Null reference [template 'class.vm', line 69, column 35] : ${classname} cannot be resolved.
2011-05-29 18:28:25,363 - RHS of #set statement is null. Context will not be modified. class.vm [line 91, column 1]
2011-05-29 18:28:25,363 - RHS of #set statement is null. Context will not be modified. class.vm [line 91, column 1]
2011-05-29 18:28:25,363 - RHS of #set statement is null. Context will not be modified. class.vm [line 91, column 1]
2011-05-29 18:28:25,363 - RHS of #set statement is null. Context will not be modified. class.vm [line 91, column 1]
2011-05-29 18:28:25,365 - Left side ($name.getComment().lenght) of '>' operation has null value. Operation not possible. class.vm [line 1, column 32]
2011-05-29 18:28:25,367 - RHS of #set statement is null. Context will not be modified. class.vm [line 64, column 1]
2011-05-29 18:28:25,368 - RHS of #set statement is null. Context will not be modified. class.vm [line 64, column 1]
2011-05-29 18:28:25,368 - RHS of #set statement is null. Context will not be modified. class.vm [line 64, column 1]
2011-05-29 18:28:25,368 - RHS of #set statement is null. Context will not be modified. class.vm [line 64, column 1]
2011-05-29 18:28:25,369 - RHS of #set statement is null. Context will not be modified. class.vm [line 91, column 1]
2011-05-29 18:28:25,369 - RHS of #set statement is null. Context will not be modified. class.vm [line 91, column 1]
2011-05-29 18:28:25,369 - RHS of #set statement is null. Context will not be modified. class.vm [line 91, column 1]
2011-05-29 18:28:25,370 - RHS of #set statement is null. Context will not be modified. class.vm [line 91, column 1]
2011-05-29 18:28:25,371 - Left side ($name.getComment().lenght) of '>' operation has null value. Operation not possible. class.vm [line 1, column 32]
